Changed directory to /home/zmx21/MRC_BSU_Internship/Recursive_Partitioning.

JobID: 6890881
======
Time: Thu Nov 22 13:02:07 GMT 2018
Running on master node: gpu-k-11
Current directory: /home/zmx21/MRC_BSU_Internship/Recursive_Partitioning

Nodes allocated:
================
gpu-k-11

numtasks=12, numnodes=1, mpi_tasks_per_node=12 (OMP_NUM_THREADS=1)

Executing command:
==================


Loading required package: grid
  node_size      thresh     n_cores tree_chunks 
    "30000"      "1e-5"        "12" "1501:2000" 
 [1] 1501 1502 1503 1504 1505 1506 1507 1508 1509 1510 1511 2000
Garbage collection 65 = 20+7+38 (level 2) ... 
71.6 Mbytes of cons cells used (51%)
3759.6 Mbytes of vectors used (75%)
 [1] 1512 1513 1514 1515 1516 1517 1518 1519 1520 1521 1522 1523
Garbage collection 66 = 20+7+39 (level 2) ... 
71.6 Mbytes of cons cells used (51%)
3759.6 Mbytes of vectors used (62%)
 [1] 1524 1525 1526 1527 1528 1529 1530 1531 1532 1533 1534 1535
Garbage collection 67 = 20+7+40 (level 2) ... 
71.6 Mbytes of cons cells used (51%)
3759.6 Mbytes of vectors used (62%)
 [1] 1536 1537 1538 1539 1540 1541 1542 1543 1544 1545 1546 1547
Garbage collection 69 = 21+7+41 (level 2) ... 
71.6 Mbytes of cons cells used (51%)
3759.6 Mbytes of vectors used (62%)
 [1] 1548 1549 1550 1551 1552 1553 1554 1555 1556 1557 1558 1559
Garbage collection 71 = 22+7+42 (level 2) ... 
71.6 Mbytes of cons cells used (51%)
3759.6 Mbytes of vectors used (62%)
 [1] 1560 1561 1562 1563 1564 1565 1566 1567 1568 1569 1570 1571
Garbage collection 72 = 22+7+43 (level 2) ... 
71.6 Mbytes of cons cells used (51%)
3759.6 Mbytes of vectors used (62%)
 [1] 1572 1573 1574 1575 1576 1577 1578 1579 1580 1581 1582 1583
Garbage collection 74 = 23+7+44 (level 2) ... 
71.6 Mbytes of cons cells used (51%)
3759.6 Mbytes of vectors used (62%)
 [1] 1584 1585 1586 1587 1588 1589 1590 1591 1592 1593 1594 1595
Garbage collection 76 = 24+7+45 (level 2) ... 
71.6 Mbytes of cons cells used (51%)
3759.6 Mbytes of vectors used (62%)
 [1] 1596 1597 1598 1599 1600 1601 1602 1603 1604 1605 1606 1607
Garbage collection 78 = 25+7+46 (level 2) ... 
71.6 Mbytes of cons cells used (51%)
3759.6 Mbytes of vectors used (62%)
 [1] 1608 1609 1610 1611 1612 1613 1614 1615 1616 1617 1618 1619
Garbage collection 80 = 26+7+47 (level 2) ... 
71.6 Mbytes of cons cells used (51%)
3759.6 Mbytes of vectors used (62%)
 [1] 1620 1621 1622 1623 1624 1625 1626 1627 1628 1629 1630 1631
Garbage collection 82 = 27+7+48 (level 2) ... 
71.6 Mbytes of cons cells used (51%)
3759.6 Mbytes of vectors used (62%)
 [1] 1632 1633 1634 1635 1636 1637 1638 1639 1640 1641 1642 1643
Garbage collection 84 = 28+7+49 (level 2) ... 
71.6 Mbytes of cons cells used (51%)
3759.6 Mbytes of vectors used (62%)
 [1] 1644 1645 1646 1647 1648 1649 1650 1651 1652 1653 1654 1655
Garbage collection 86 = 29+7+50 (level 2) ... 
71.6 Mbytes of cons cells used (51%)
3759.6 Mbytes of vectors used (62%)
 [1] 1656 1657 1658 1659 1660 1661 1662 1663 1664 1665 1666 1667
Garbage collection 87 = 29+7+51 (level 2) ... 
71.6 Mbytes of cons cells used (51%)
3759.6 Mbytes of vectors used (62%)
 [1] 1668 1669 1670 1671 1672 1673 1674 1675 1676 1677 1678 1679
Garbage collection 89 = 30+7+52 (level 2) ... 
71.6 Mbytes of cons cells used (51%)
3759.6 Mbytes of vectors used (62%)
 [1] 1680 1681 1682 1683 1684 1685 1686 1687 1688 1689 1690 1691
Garbage collection 91 = 31+7+53 (level 2) ... 
71.6 Mbytes of cons cells used (51%)
3759.6 Mbytes of vectors used (62%)
 [1] 1692 1693 1694 1695 1696 1697 1698 1699 1700 1701 1702 1703
Garbage collection 93 = 32+7+54 (level 2) ... 
71.6 Mbytes of cons cells used (51%)
3759.6 Mbytes of vectors used (62%)
 [1] 1704 1705 1706 1707 1708 1709 1710 1711 1712 1713 1714 1715
Garbage collection 95 = 33+7+55 (level 2) ... 
71.6 Mbytes of cons cells used (51%)
3759.6 Mbytes of vectors used (62%)
 [1] 1716 1717 1718 1719 1720 1721 1722 1723 1724 1725 1726 1727
Garbage collection 96 = 33+7+56 (level 2) ... 
71.6 Mbytes of cons cells used (51%)
3759.6 Mbytes of vectors used (62%)
 [1] 1728 1729 1730 1731 1732 1733 1734 1735 1736 1737 1738 1739
