Changed directory to /home/zmx21/MRC_BSU_Internship/Recursive_Partitioning.

JobID: 6890884
======
Time: Thu Nov 22 13:02:07 GMT 2018
Running on master node: gpu-k-22
Current directory: /home/zmx21/MRC_BSU_Internship/Recursive_Partitioning

Nodes allocated:
================
gpu-k-22

numtasks=12, numnodes=1, mpi_tasks_per_node=12 (OMP_NUM_THREADS=1)

Executing command:
==================


Loading required package: grid
  node_size      thresh     n_cores tree_chunks 
    "30000"      "1e-5"        "12" "3001:3500" 
 [1] 3001 3002 3003 3004 3005 3006 3007 3008 3009 3010 3011 3500
Garbage collection 65 = 20+7+38 (level 2) ... 
71.6 Mbytes of cons cells used (51%)
3759.6 Mbytes of vectors used (75%)
 [1] 3012 3013 3014 3015 3016 3017 3018 3019 3020 3021 3022 3023
Garbage collection 66 = 20+7+39 (level 2) ... 
71.6 Mbytes of cons cells used (51%)
3759.6 Mbytes of vectors used (62%)
 [1] 3024 3025 3026 3027 3028 3029 3030 3031 3032 3033 3034 3035
Garbage collection 68 = 21+7+40 (level 2) ... 
71.6 Mbytes of cons cells used (51%)
3759.6 Mbytes of vectors used (62%)
 [1] 3036 3037 3038 3039 3040 3041 3042 3043 3044 3045 3046 3047
Garbage collection 70 = 22+7+41 (level 2) ... 
71.6 Mbytes of cons cells used (51%)
3759.6 Mbytes of vectors used (62%)
 [1] 3048 3049 3050 3051 3052 3053 3054 3055 3056 3057 3058 3059
Garbage collection 72 = 23+7+42 (level 2) ... 
71.6 Mbytes of cons cells used (51%)
3759.6 Mbytes of vectors used (62%)
 [1] 3060 3061 3062 3063 3064 3065 3066 3067 3068 3069 3070 3071
Garbage collection 74 = 24+7+43 (level 2) ... 
71.6 Mbytes of cons cells used (51%)
3759.6 Mbytes of vectors used (62%)
 [1] 3072 3073 3074 3075 3076 3077 3078 3079 3080 3081 3082 3083
Garbage collection 76 = 25+7+44 (level 2) ... 
71.6 Mbytes of cons cells used (51%)
3759.6 Mbytes of vectors used (62%)
 [1] 3084 3085 3086 3087 3088 3089 3090 3091 3092 3093 3094 3095
Garbage collection 78 = 26+7+45 (level 2) ... 
71.6 Mbytes of cons cells used (51%)
3759.6 Mbytes of vectors used (62%)
 [1] 3096 3097 3098 3099 3100 3101 3102 3103 3104 3105 3106 3107
Garbage collection 80 = 27+7+46 (level 2) ... 
71.6 Mbytes of cons cells used (51%)
3759.6 Mbytes of vectors used (62%)
 [1] 3108 3109 3110 3111 3112 3113 3114 3115 3116 3117 3118 3119
Garbage collection 82 = 28+7+47 (level 2) ... 
71.6 Mbytes of cons cells used (51%)
3759.6 Mbytes of vectors used (62%)
 [1] 3120 3121 3122 3123 3124 3125 3126 3127 3128 3129 3130 3131
Garbage collection 84 = 29+7+48 (level 2) ... 
71.6 Mbytes of cons cells used (51%)
3759.6 Mbytes of vectors used (62%)
 [1] 3132 3133 3134 3135 3136 3137 3138 3139 3140 3141 3142 3143
Garbage collection 86 = 30+7+49 (level 2) ... 
71.6 Mbytes of cons cells used (51%)
3759.6 Mbytes of vectors used (62%)
 [1] 3144 3145 3146 3147 3148 3149 3150 3151 3152 3153 3154 3155
Garbage collection 88 = 31+7+50 (level 2) ... 
71.6 Mbytes of cons cells used (51%)
3759.6 Mbytes of vectors used (62%)
 [1] 3156 3157 3158 3159 3160 3161 3162 3163 3164 3165 3166 3167
Garbage collection 90 = 32+7+51 (level 2) ... 
71.6 Mbytes of cons cells used (51%)
3759.6 Mbytes of vectors used (62%)
 [1] 3168 3169 3170 3171 3172 3173 3174 3175 3176 3177 3178 3179
Garbage collection 92 = 33+7+52 (level 2) ... 
71.6 Mbytes of cons cells used (51%)
3759.6 Mbytes of vectors used (62%)
 [1] 3180 3181 3182 3183 3184 3185 3186 3187 3188 3189 3190 3191
Garbage collection 94 = 34+7+53 (level 2) ... 
71.6 Mbytes of cons cells used (51%)
3759.6 Mbytes of vectors used (62%)
 [1] 3192 3193 3194 3195 3196 3197 3198 3199 3200 3201 3202 3203
Garbage collection 96 = 35+7+54 (level 2) ... 
71.6 Mbytes of cons cells used (51%)
3759.6 Mbytes of vectors used (62%)
 [1] 3204 3205 3206 3207 3208 3209 3210 3211 3212 3213 3214 3215
Garbage collection 97 = 35+7+55 (level 2) ... 
71.6 Mbytes of cons cells used (51%)
3759.6 Mbytes of vectors used (62%)
 [1] 3216 3217 3218 3219 3220 3221 3222 3223 3224 3225 3226 3227
Garbage collection 99 = 36+7+56 (level 2) ... 
71.6 Mbytes of cons cells used (51%)
3759.6 Mbytes of vectors used (62%)
 [1] 3228 3229 3230 3231 3232 3233 3234 3235 3236 3237 3238 3239
Garbage collection 100 = 36+7+57 (level 2) ... 
71.6 Mbytes of cons cells used (51%)
3759.6 Mbytes of vectors used (62%)
 [1] 3240 3241 3242 3243 3244 3245 3246 3247 3248 3249 3250 3251
Garbage collection 101 = 36+7+58 (level 2) ... 
71.6 Mbytes of cons cells used (51%)
3759.6 Mbytes of vectors used (62%)
 [1] 3252 3253 3254 3255 3256 3257 3258 3259 3260 3261 3262 3263
Garbage collection 102 = 36+7+59 (level 2) ... 
71.6 Mbytes of cons cells used (51%)
3759.6 Mbytes of vectors used (62%)
 [1] 3264 3265 3266 3267 3268 3269 3270 3271 3272 3273 3274 3275
Garbage collection 103 = 36+7+60 (level 2) ... 
71.6 Mbytes of cons cells used (51%)
3759.6 Mbytes of vectors used (62%)
 [1] 3276 3277 3278 3279 3280 3281 3282 3283 3284 3285 3286 3287
