Changed directory to /home/zmx21/MRC_BSU_Internship/Recursive_Partitioning.

JobID: 6890878
======
Time: Thu Nov 22 13:02:07 GMT 2018
Running on master node: gpu-k-14
Current directory: /home/zmx21/MRC_BSU_Internship/Recursive_Partitioning

Nodes allocated:
================
gpu-k-14

numtasks=12, numnodes=1, mpi_tasks_per_node=12 (OMP_NUM_THREADS=1)

Executing command:
==================


Loading required package: grid
  node_size      thresh     n_cores tree_chunks 
    "30000"      "1e-5"        "12"     "1:500" 
 [1]   1   2   3   4   5   6   7   8   9  10  11 500
Garbage collection 65 = 20+7+38 (level 2) ... 
71.6 Mbytes of cons cells used (51%)
3759.6 Mbytes of vectors used (75%)
 [1] 12 13 14 15 16 17 18 19 20 21 22 23
Garbage collection 66 = 20+7+39 (level 2) ... 
71.6 Mbytes of cons cells used (51%)
3759.6 Mbytes of vectors used (62%)
 [1] 24 25 26 27 28 29 30 31 32 33 34 35
Garbage collection 68 = 21+7+40 (level 2) ... 
71.6 Mbytes of cons cells used (51%)
3759.6 Mbytes of vectors used (62%)
 [1] 36 37 38 39 40 41 42 43 44 45 46 47
Garbage collection 70 = 22+7+41 (level 2) ... 
71.6 Mbytes of cons cells used (51%)
3759.6 Mbytes of vectors used (62%)
 [1] 48 49 50 51 52 53 54 55 56 57 58 59
Garbage collection 72 = 23+7+42 (level 2) ... 
71.6 Mbytes of cons cells used (51%)
3759.6 Mbytes of vectors used (62%)
 [1] 60 61 62 63 64 65 66 67 68 69 70 71
Garbage collection 74 = 24+7+43 (level 2) ... 
71.6 Mbytes of cons cells used (51%)
3759.6 Mbytes of vectors used (62%)
 [1] 72 73 74 75 76 77 78 79 80 81 82 83
Garbage collection 76 = 25+7+44 (level 2) ... 
71.6 Mbytes of cons cells used (51%)
3759.6 Mbytes of vectors used (62%)
 [1] 84 85 86 87 88 89 90 91 92 93 94 95
Garbage collection 78 = 26+7+45 (level 2) ... 
71.6 Mbytes of cons cells used (51%)
3759.6 Mbytes of vectors used (62%)
 [1]  96  97  98  99 100 101 102 103 104 105 106 107
Garbage collection 80 = 27+7+46 (level 2) ... 
71.6 Mbytes of cons cells used (51%)
3759.6 Mbytes of vectors used (62%)
 [1] 108 109 110 111 112 113 114 115 116 117 118 119
Garbage collection 82 = 28+7+47 (level 2) ... 
71.6 Mbytes of cons cells used (51%)
3759.6 Mbytes of vectors used (62%)
 [1] 120 121 122 123 124 125 126 127 128 129 130 131
Garbage collection 84 = 29+7+48 (level 2) ... 
71.6 Mbytes of cons cells used (51%)
3759.6 Mbytes of vectors used (62%)
 [1] 132 133 134 135 136 137 138 139 140 141 142 143
Garbage collection 86 = 30+7+49 (level 2) ... 
71.6 Mbytes of cons cells used (51%)
3759.6 Mbytes of vectors used (62%)
 [1] 144 145 146 147 148 149 150 151 152 153 154 155
Garbage collection 88 = 31+7+50 (level 2) ... 
71.6 Mbytes of cons cells used (51%)
3759.6 Mbytes of vectors used (62%)
 [1] 156 157 158 159 160 161 162 163 164 165 166 167
Garbage collection 89 = 31+7+51 (level 2) ... 
71.6 Mbytes of cons cells used (51%)
3759.6 Mbytes of vectors used (62%)
 [1] 168 169 170 171 172 173 174 175 176 177 178 179
Garbage collection 91 = 32+7+52 (level 2) ... 
71.6 Mbytes of cons cells used (51%)
3759.6 Mbytes of vectors used (62%)
 [1] 180 181 182 183 184 185 186 187 188 189 190 191
Garbage collection 92 = 32+7+53 (level 2) ... 
71.6 Mbytes of cons cells used (51%)
3759.6 Mbytes of vectors used (62%)
 [1] 192 193 194 195 196 197 198 199 200 201 202 203
Garbage collection 94 = 33+7+54 (level 2) ... 
71.6 Mbytes of cons cells used (51%)
3759.6 Mbytes of vectors used (62%)
 [1] 204 205 206 207 208 209 210 211 212 213 214 215
Garbage collection 95 = 33+7+55 (level 2) ... 
71.6 Mbytes of cons cells used (51%)
3759.6 Mbytes of vectors used (62%)
 [1] 216 217 218 219 220 221 222 223 224 225 226 227
Garbage collection 97 = 34+7+56 (level 2) ... 
71.6 Mbytes of cons cells used (51%)
3759.6 Mbytes of vectors used (62%)
 [1] 228 229 230 231 232 233 234 235 236 237 238 239
Garbage collection 98 = 34+7+57 (level 2) ... 
71.6 Mbytes of cons cells used (51%)
3759.6 Mbytes of vectors used (62%)
 [1] 240 241 242 243 244 245 246 247 248 249 250 251
Garbage collection 100 = 35+7+58 (level 2) ... 
71.6 Mbytes of cons cells used (51%)
3759.6 Mbytes of vectors used (62%)
 [1] 252 253 254 255 256 257 258 259 260 261 262 263
Garbage collection 101 = 35+7+59 (level 2) ... 
71.6 Mbytes of cons cells used (51%)
3759.6 Mbytes of vectors used (62%)
 [1] 264 265 266 267 268 269 270 271 272 273 274 275
Garbage collection 103 = 36+7+60 (level 2) ... 
71.6 Mbytes of cons cells used (51%)
3759.6 Mbytes of vectors used (62%)
 [1] 276 277 278 279 280 281 282 283 284 285 286 287
Garbage collection 104 = 36+7+61 (level 2) ... 
71.6 Mbytes of cons cells used (51%)
3759.6 Mbytes of vectors used (62%)
 [1] 288 289 290 291 292 293 294 295 296 297 298 299
