Changed directory to /home/zmx21/MRC_BSU_Internship/Recursive_Partitioning.

JobID: 6890871
======
Time: Thu Nov 22 13:02:03 GMT 2018
Running on master node: gpu-k-15
Current directory: /home/zmx21/MRC_BSU_Internship/Recursive_Partitioning

Nodes allocated:
================
gpu-k-15

numtasks=12, numnodes=1, mpi_tasks_per_node=12 (OMP_NUM_THREADS=1)

Executing command:
==================


Loading required package: grid
  node_size      thresh     n_cores tree_chunks 
    "10000"      "1e-5"        "12" "2001:2500" 
 [1] 2001 2002 2003 2004 2005 2006 2007 2008 2009 2010 2011 2500
Garbage collection 65 = 20+7+38 (level 2) ... 
71.6 Mbytes of cons cells used (51%)
3759.6 Mbytes of vectors used (75%)
 [1] 2012 2013 2014 2015 2016 2017 2018 2019 2020 2021 2022 2023
Garbage collection 67 = 21+7+39 (level 2) ... 
71.6 Mbytes of cons cells used (51%)
3759.6 Mbytes of vectors used (62%)
 [1] 2024 2025 2026 2027 2028 2029 2030 2031 2032 2033 2034 2035
Garbage collection 69 = 22+7+40 (level 2) ... 
71.6 Mbytes of cons cells used (51%)
3759.6 Mbytes of vectors used (62%)
 [1] 2036 2037 2038 2039 2040 2041 2042 2043 2044 2045 2046 2047
Garbage collection 71 = 23+7+41 (level 2) ... 
71.6 Mbytes of cons cells used (51%)
3759.6 Mbytes of vectors used (62%)
 [1] 2048 2049 2050 2051 2052 2053 2054 2055 2056 2057 2058 2059
Garbage collection 73 = 24+7+42 (level 2) ... 
71.6 Mbytes of cons cells used (51%)
3759.6 Mbytes of vectors used (62%)
 [1] 2060 2061 2062 2063 2064 2065 2066 2067 2068 2069 2070 2071
Garbage collection 75 = 25+7+43 (level 2) ... 
71.6 Mbytes of cons cells used (51%)
3759.6 Mbytes of vectors used (62%)
 [1] 2072 2073 2074 2075 2076 2077 2078 2079 2080 2081 2082 2083
Garbage collection 77 = 26+7+44 (level 2) ... 
71.6 Mbytes of cons cells used (51%)
3759.6 Mbytes of vectors used (62%)
 [1] 2084 2085 2086 2087 2088 2089 2090 2091 2092 2093 2094 2095
Garbage collection 79 = 27+7+45 (level 2) ... 
71.6 Mbytes of cons cells used (51%)
3759.6 Mbytes of vectors used (62%)
 [1] 2096 2097 2098 2099 2100 2101 2102 2103 2104 2105 2106 2107
Garbage collection 81 = 28+7+46 (level 2) ... 
71.6 Mbytes of cons cells used (51%)
3759.6 Mbytes of vectors used (62%)
 [1] 2108 2109 2110 2111 2112 2113 2114 2115 2116 2117 2118 2119
Garbage collection 83 = 29+7+47 (level 2) ... 
71.6 Mbytes of cons cells used (51%)
3759.6 Mbytes of vectors used (62%)
 [1] 2120 2121 2122 2123 2124 2125 2126 2127 2128 2129 2130 2131
Garbage collection 85 = 30+7+48 (level 2) ... 
71.6 Mbytes of cons cells used (51%)
3759.6 Mbytes of vectors used (62%)
 [1] 2132 2133 2134 2135 2136 2137 2138 2139 2140 2141 2142 2143
Garbage collection 87 = 31+7+49 (level 2) ... 
71.6 Mbytes of cons cells used (51%)
3759.6 Mbytes of vectors used (62%)
 [1] 2144 2145 2146 2147 2148 2149 2150 2151 2152 2153 2154 2155
