Changed directory to /home/zmx21/MRC_BSU_Internship/Recursive_Partitioning.

JobID: 6890870
======
Time: Thu Nov 22 13:02:03 GMT 2018
Running on master node: gpu-k-8
Current directory: /home/zmx21/MRC_BSU_Internship/Recursive_Partitioning

Nodes allocated:
================
gpu-k-8

numtasks=12, numnodes=1, mpi_tasks_per_node=12 (OMP_NUM_THREADS=1)

Executing command:
==================


Loading required package: grid
  node_size      thresh     n_cores tree_chunks 
    "10000"      "1e-5"        "12" "1501:2000" 
 [1] 1501 1502 1503 1504 1505 1506 1507 1508 1509 1510 1511 2000
Garbage collection 65 = 20+7+38 (level 2) ... 
71.6 Mbytes of cons cells used (51%)
3759.6 Mbytes of vectors used (75%)
 [1] 1512 1513 1514 1515 1516 1517 1518 1519 1520 1521 1522 1523
Garbage collection 67 = 21+7+39 (level 2) ... 
71.6 Mbytes of cons cells used (51%)
3759.6 Mbytes of vectors used (62%)
 [1] 1524 1525 1526 1527 1528 1529 1530 1531 1532 1533 1534 1535
Garbage collection 69 = 22+7+40 (level 2) ... 
71.6 Mbytes of cons cells used (51%)
3759.6 Mbytes of vectors used (62%)
 [1] 1536 1537 1538 1539 1540 1541 1542 1543 1544 1545 1546 1547
Garbage collection 71 = 23+7+41 (level 2) ... 
71.6 Mbytes of cons cells used (51%)
3759.6 Mbytes of vectors used (62%)
 [1] 1548 1549 1550 1551 1552 1553 1554 1555 1556 1557 1558 1559
Garbage collection 73 = 24+7+42 (level 2) ... 
71.6 Mbytes of cons cells used (51%)
3759.6 Mbytes of vectors used (62%)
 [1] 1560 1561 1562 1563 1564 1565 1566 1567 1568 1569 1570 1571
Garbage collection 75 = 25+7+43 (level 2) ... 
71.6 Mbytes of cons cells used (51%)
3759.6 Mbytes of vectors used (62%)
 [1] 1572 1573 1574 1575 1576 1577 1578 1579 1580 1581 1582 1583
Garbage collection 77 = 26+7+44 (level 2) ... 
71.6 Mbytes of cons cells used (51%)
3759.6 Mbytes of vectors used (62%)
 [1] 1584 1585 1586 1587 1588 1589 1590 1591 1592 1593 1594 1595
Garbage collection 79 = 27+7+45 (level 2) ... 
71.6 Mbytes of cons cells used (51%)
3759.6 Mbytes of vectors used (62%)
 [1] 1596 1597 1598 1599 1600 1601 1602 1603 1604 1605 1606 1607
Garbage collection 81 = 28+7+46 (level 2) ... 
71.6 Mbytes of cons cells used (51%)
3759.6 Mbytes of vectors used (62%)
 [1] 1608 1609 1610 1611 1612 1613 1614 1615 1616 1617 1618 1619
Garbage collection 83 = 29+7+47 (level 2) ... 
71.6 Mbytes of cons cells used (51%)
3759.6 Mbytes of vectors used (62%)
 [1] 1620 1621 1622 1623 1624 1625 1626 1627 1628 1629 1630 1631
Garbage collection 85 = 30+7+48 (level 2) ... 
71.6 Mbytes of cons cells used (51%)
3759.6 Mbytes of vectors used (62%)
 [1] 1632 1633 1634 1635 1636 1637 1638 1639 1640 1641 1642 1643
