Changed directory to /home/zmx21/MRC_BSU_Internship/Recursive_Partitioning.

JobID: 6890441
======
Time: Thu Nov 22 11:57:46 GMT 2018
Running on master node: cpu-k-14
Current directory: /home/zmx21/MRC_BSU_Internship/Recursive_Partitioning

Nodes allocated:
================
cpu-k-14

numtasks=16, numnodes=1, mpi_tasks_per_node=16 (OMP_NUM_THREADS=1)

Executing command:
==================


Loading required package: grid
  node_size      thresh     n_cores tree_chunks 
    "30000"      "3e-5"        "16"     "1:500" 
 [1]   1   2   3   4   5   6   7   8   9  10  11  12  13  14  15 500
Garbage collection 70 = 20+7+43 (level 2) ... 
72.3 Mbytes of cons cells used (51%)
16807.0 Mbytes of vectors used (75%)
 [1] 16 17 18 19 20 21 22 23 24 25 26 27 28 29 30 31
Garbage collection 72 = 21+7+44 (level 2) ... 
72.3 Mbytes of cons cells used (51%)
16807.0 Mbytes of vectors used (62%)
 [1] 32 33 34 35 36 37 38 39 40 41 42 43 44 45 46 47
Garbage collection 74 = 22+7+45 (level 2) ... 
72.3 Mbytes of cons cells used (51%)
16807.0 Mbytes of vectors used (62%)
 [1] 48 49 50 51 52 53 54 55 56 57 58 59 60 61 62 63
Garbage collection 75 = 22+7+46 (level 2) ... 
72.3 Mbytes of cons cells used (51%)
16807.0 Mbytes of vectors used (62%)
 [1] 64 65 66 67 68 69 70 71 72 73 74 75 76 77 78 79
Garbage collection 77 = 23+7+47 (level 2) ... 
72.3 Mbytes of cons cells used (51%)
16807.0 Mbytes of vectors used (62%)
 [1] 80 81 82 83 84 85 86 87 88 89 90 91 92 93 94 95
Garbage collection 78 = 23+7+48 (level 2) ... 
72.3 Mbytes of cons cells used (51%)
16807.0 Mbytes of vectors used (62%)
 [1]  96  97  98  99 100 101 102 103 104 105 106 107 108 109 110 111
Garbage collection 79 = 23+7+49 (level 2) ... 
72.3 Mbytes of cons cells used (51%)
16807.0 Mbytes of vectors used (62%)
 [1] 112 113 114 115 116 117 118 119 120 121 122 123 124 125 126 127
Garbage collection 80 = 23+7+50 (level 2) ... 
72.3 Mbytes of cons cells used (51%)
16807.0 Mbytes of vectors used (62%)
 [1] 128 129 130 131 132 133 134 135 136 137 138 139 140 141 142 143
Garbage collection 81 = 23+7+51 (level 2) ... 
72.3 Mbytes of cons cells used (51%)
16807.0 Mbytes of vectors used (62%)
 [1] 144 145 146 147 148 149 150 151 152 153 154 155 156 157 158 159
Garbage collection 83 = 24+7+52 (level 2) ... 
72.3 Mbytes of cons cells used (51%)
16807.0 Mbytes of vectors used (62%)
 [1] 160 161 162 163 164 165 166 167 168 169 170 171 172 173 174 175
Garbage collection 85 = 25+7+53 (level 2) ... 
72.3 Mbytes of cons cells used (51%)
16807.0 Mbytes of vectors used (62%)
 [1] 176 177 178 179 180 181 182 183 184 185 186 187 188 189 190 191
Garbage collection 86 = 25+7+54 (level 2) ... 
72.3 Mbytes of cons cells used (51%)
16807.0 Mbytes of vectors used (62%)
 [1] 192 193 194 195 196 197 198 199 200 201 202 203 204 205 206 207
Garbage collection 87 = 25+7+55 (level 2) ... 
72.3 Mbytes of cons cells used (51%)
16807.0 Mbytes of vectors used (62%)
 [1] 208 209 210 211 212 213 214 215 216 217 218 219 220 221 222 223
Garbage collection 88 = 25+7+56 (level 2) ... 
72.3 Mbytes of cons cells used (51%)
16807.0 Mbytes of vectors used (62%)
 [1] 224 225 226 227 228 229 230 231 232 233 234 235 236 237 238 239
Garbage collection 89 = 25+7+57 (level 2) ... 
72.3 Mbytes of cons cells used (51%)
16807.0 Mbytes of vectors used (62%)
 [1] 240 241 242 243 244 245 246 247 248 249 250 251 252 253 254 255
Garbage collection 90 = 25+7+58 (level 2) ... 
72.3 Mbytes of cons cells used (51%)
16807.0 Mbytes of vectors used (62%)
 [1] 256 257 258 259 260 261 262 263 264 265 266 267 268 269 270 271
Garbage collection 91 = 25+7+59 (level 2) ... 
72.3 Mbytes of cons cells used (51%)
16807.0 Mbytes of vectors used (62%)
 [1] 272 273 274 275 276 277 278 279 280 281 282 283 284 285 286 287
Garbage collection 92 = 25+7+60 (level 2) ... 
72.3 Mbytes of cons cells used (51%)
16807.0 Mbytes of vectors used (62%)
 [1] 288 289 290 291 292 293 294 295 296 297 298 299 300 301 302 303
Garbage collection 93 = 25+7+61 (level 2) ... 
72.3 Mbytes of cons cells used (51%)
16807.0 Mbytes of vectors used (62%)
 [1] 304 305 306 307 308 309 310 311 312 313 314 315 316 317 318 319
Garbage collection 94 = 25+7+62 (level 2) ... 
72.3 Mbytes of cons cells used (51%)
16807.0 Mbytes of vectors used (62%)
 [1] 320 321 322 323 324 325 326 327 328 329 330 331 332 333 334 335
Garbage collection 95 = 25+7+63 (level 2) ... 
72.3 Mbytes of cons cells used (51%)
16807.0 Mbytes of vectors used (62%)
 [1] 336 337 338 339 340 341 342 343 344 345 346 347 348 349 350 351
Garbage collection 96 = 25+7+64 (level 2) ... 
72.3 Mbytes of cons cells used (51%)
16807.0 Mbytes of vectors used (62%)
 [1] 352 353 354 355 356 357 358 359 360 361 362 363 364 365 366 367
Garbage collection 97 = 25+7+65 (level 2) ... 
72.3 Mbytes of cons cells used (51%)
16807.0 Mbytes of vectors used (62%)
 [1] 368 369 370 371 372 373 374 375 376 377 378 379 380 381 382 383
Garbage collection 98 = 25+7+66 (level 2) ... 
72.3 Mbytes of cons cells used (51%)
16807.0 Mbytes of vectors used (62%)
 [1] 384 385 386 387 388 389 390 391 392 393 394 395 396 397 398 399
Garbage collection 99 = 25+7+67 (level 2) ... 
72.3 Mbytes of cons cells used (51%)
16807.0 Mbytes of vectors used (62%)
 [1] 400 401 402 403 404 405 406 407 408 409 410 411 412 413 414 415
Garbage collection 100 = 25+7+68 (level 2) ... 
72.3 Mbytes of cons cells used (51%)
16807.0 Mbytes of vectors used (62%)
 [1] 416 417 418 419 420 421 422 423 424 425 426 427 428 429 430 431
Garbage collection 101 = 25+7+69 (level 2) ... 
72.3 Mbytes of cons cells used (51%)
16807.0 Mbytes of vectors used (62%)
 [1] 432 433 434 435 436 437 438 439 440 441 442 443 444 445 446 447
Garbage collection 102 = 25+7+70 (level 2) ... 
72.3 Mbytes of cons cells used (51%)
16807.0 Mbytes of vectors used (62%)
 [1] 448 449 450 451 452 453 454 455 456 457 458 459 460 461 462 463
Garbage collection 103 = 25+7+71 (level 2) ... 
72.3 Mbytes of cons cells used (51%)
16807.0 Mbytes of vectors used (62%)
 [1] 464 465 466 467 468 469 470 471 472 473 474 475 476 477 478 479
Garbage collection 104 = 25+7+72 (level 2) ... 
72.3 Mbytes of cons cells used (51%)
16807.0 Mbytes of vectors used (62%)
 [1] 480 481 482 483 484 485 486 487 488 489 490 491 492 493 494 495
Garbage collection 105 = 25+7+73 (level 2) ... 
72.3 Mbytes of cons cells used (51%)
16807.0 Mbytes of vectors used (62%)
[1] 496 497 498 499
Garbage collection 106 = 25+7+74 (level 2) ... 
72.3 Mbytes of cons cells used (51%)
16807.0 Mbytes of vectors used (62%)
Warning message:
In split.default(tree_chunks, seq(length(tree_chunks) - 1)%/%n_cores) :
  data length is not a multiple of split variable
