Changed directory to /home/zmx21/MRC_BSU_Internship/Recursive_Partitioning.

JobID: 6890875
======
Time: Thu Nov 22 13:02:05 GMT 2018
Running on master node: gpu-k-19
Current directory: /home/zmx21/MRC_BSU_Internship/Recursive_Partitioning

Nodes allocated:
================
gpu-k-19

numtasks=12, numnodes=1, mpi_tasks_per_node=12 (OMP_NUM_THREADS=1)

Executing command:
==================


Loading required package: grid
  node_size      thresh     n_cores tree_chunks 
    "10000"      "1e-5"        "12" "3501:4000" 
 [1] 3501 3502 3503 3504 3505 3506 3507 3508 3509 3510 3511 4000
Garbage collection 65 = 20+7+38 (level 2) ... 
71.6 Mbytes of cons cells used (51%)
3759.6 Mbytes of vectors used (75%)
 [1] 3512 3513 3514 3515 3516 3517 3518 3519 3520 3521 3522 3523
Garbage collection 67 = 21+7+39 (level 2) ... 
71.6 Mbytes of cons cells used (51%)
3759.6 Mbytes of vectors used (62%)
 [1] 3524 3525 3526 3527 3528 3529 3530 3531 3532 3533 3534 3535
Garbage collection 70 = 23+7+40 (level 2) ... 
71.6 Mbytes of cons cells used (51%)
3759.6 Mbytes of vectors used (62%)
 [1] 3536 3537 3538 3539 3540 3541 3542 3543 3544 3545 3546 3547
Garbage collection 72 = 24+7+41 (level 2) ... 
71.6 Mbytes of cons cells used (51%)
3759.6 Mbytes of vectors used (62%)
 [1] 3548 3549 3550 3551 3552 3553 3554 3555 3556 3557 3558 3559
Garbage collection 74 = 25+7+42 (level 2) ... 
71.6 Mbytes of cons cells used (51%)
3759.6 Mbytes of vectors used (62%)
 [1] 3560 3561 3562 3563 3564 3565 3566 3567 3568 3569 3570 3571
Garbage collection 76 = 26+7+43 (level 2) ... 
71.6 Mbytes of cons cells used (51%)
3759.6 Mbytes of vectors used (62%)
 [1] 3572 3573 3574 3575 3576 3577 3578 3579 3580 3581 3582 3583
Garbage collection 79 = 28+7+44 (level 2) ... 
71.6 Mbytes of cons cells used (51%)
3759.6 Mbytes of vectors used (62%)
 [1] 3584 3585 3586 3587 3588 3589 3590 3591 3592 3593 3594 3595
Garbage collection 81 = 29+7+45 (level 2) ... 
71.6 Mbytes of cons cells used (51%)
3759.6 Mbytes of vectors used (62%)
 [1] 3596 3597 3598 3599 3600 3601 3602 3603 3604 3605 3606 3607
Garbage collection 84 = 31+7+46 (level 2) ... 
71.6 Mbytes of cons cells used (51%)
3759.6 Mbytes of vectors used (62%)
 [1] 3608 3609 3610 3611 3612 3613 3614 3615 3616 3617 3618 3619
Garbage collection 86 = 32+7+47 (level 2) ... 
71.6 Mbytes of cons cells used (51%)
3759.6 Mbytes of vectors used (62%)
 [1] 3620 3621 3622 3623 3624 3625 3626 3627 3628 3629 3630 3631
Garbage collection 88 = 33+7+48 (level 2) ... 
71.6 Mbytes of cons cells used (51%)
3759.6 Mbytes of vectors used (62%)
 [1] 3632 3633 3634 3635 3636 3637 3638 3639 3640 3641 3642 3643
Garbage collection 91 = 35+7+49 (level 2) ... 
71.6 Mbytes of cons cells used (51%)
3759.6 Mbytes of vectors used (62%)
 [1] 3644 3645 3646 3647 3648 3649 3650 3651 3652 3653 3654 3655
