Changed directory to /home/zmx21/MRC_BSU_Internship/Recursive_Partitioning.

JobID: 6890887
======
Time: Thu Nov 22 13:02:07 GMT 2018
Running on master node: gpu-k-2
Current directory: /home/zmx21/MRC_BSU_Internship/Recursive_Partitioning

Nodes allocated:
================
gpu-k-2

numtasks=12, numnodes=1, mpi_tasks_per_node=12 (OMP_NUM_THREADS=1)

Executing command:
==================


Loading required package: grid
  node_size      thresh     n_cores tree_chunks 
    "30000"      "1e-5"        "12" "4501:5000" 
 [1] 4501 4502 4503 4504 4505 4506 4507 4508 4509 4510 4511 5000
Garbage collection 65 = 20+7+38 (level 2) ... 
71.6 Mbytes of cons cells used (51%)
3759.6 Mbytes of vectors used (75%)
 [1] 4512 4513 4514 4515 4516 4517 4518 4519 4520 4521 4522 4523
Garbage collection 66 = 20+7+39 (level 2) ... 
71.6 Mbytes of cons cells used (51%)
3759.6 Mbytes of vectors used (62%)
 [1] 4524 4525 4526 4527 4528 4529 4530 4531 4532 4533 4534 4535
Garbage collection 68 = 21+7+40 (level 2) ... 
71.6 Mbytes of cons cells used (51%)
3759.6 Mbytes of vectors used (62%)
 [1] 4536 4537 4538 4539 4540 4541 4542 4543 4544 4545 4546 4547
Garbage collection 70 = 22+7+41 (level 2) ... 
71.6 Mbytes of cons cells used (51%)
3759.6 Mbytes of vectors used (62%)
 [1] 4548 4549 4550 4551 4552 4553 4554 4555 4556 4557 4558 4559
Garbage collection 72 = 23+7+42 (level 2) ... 
71.6 Mbytes of cons cells used (51%)
3759.6 Mbytes of vectors used (62%)
 [1] 4560 4561 4562 4563 4564 4565 4566 4567 4568 4569 4570 4571
Garbage collection 74 = 24+7+43 (level 2) ... 
71.6 Mbytes of cons cells used (51%)
3759.6 Mbytes of vectors used (62%)
 [1] 4572 4573 4574 4575 4576 4577 4578 4579 4580 4581 4582 4583
Garbage collection 76 = 25+7+44 (level 2) ... 
71.6 Mbytes of cons cells used (51%)
3759.6 Mbytes of vectors used (62%)
 [1] 4584 4585 4586 4587 4588 4589 4590 4591 4592 4593 4594 4595
Garbage collection 78 = 26+7+45 (level 2) ... 
71.6 Mbytes of cons cells used (51%)
3759.6 Mbytes of vectors used (62%)
 [1] 4596 4597 4598 4599 4600 4601 4602 4603 4604 4605 4606 4607
Garbage collection 80 = 27+7+46 (level 2) ... 
71.6 Mbytes of cons cells used (51%)
3759.6 Mbytes of vectors used (62%)
 [1] 4608 4609 4610 4611 4612 4613 4614 4615 4616 4617 4618 4619
Garbage collection 82 = 28+7+47 (level 2) ... 
71.6 Mbytes of cons cells used (51%)
3759.6 Mbytes of vectors used (62%)
 [1] 4620 4621 4622 4623 4624 4625 4626 4627 4628 4629 4630 4631
Garbage collection 84 = 29+7+48 (level 2) ... 
71.6 Mbytes of cons cells used (51%)
3759.6 Mbytes of vectors used (62%)
 [1] 4632 4633 4634 4635 4636 4637 4638 4639 4640 4641 4642 4643
Garbage collection 86 = 30+7+49 (level 2) ... 
71.6 Mbytes of cons cells used (51%)
3759.6 Mbytes of vectors used (62%)
 [1] 4644 4645 4646 4647 4648 4649 4650 4651 4652 4653 4654 4655
Garbage collection 88 = 31+7+50 (level 2) ... 
71.6 Mbytes of cons cells used (51%)
3759.6 Mbytes of vectors used (62%)
 [1] 4656 4657 4658 4659 4660 4661 4662 4663 4664 4665 4666 4667
Garbage collection 89 = 31+7+51 (level 2) ... 
71.6 Mbytes of cons cells used (51%)
3759.6 Mbytes of vectors used (62%)
 [1] 4668 4669 4670 4671 4672 4673 4674 4675 4676 4677 4678 4679
Garbage collection 91 = 32+7+52 (level 2) ... 
71.6 Mbytes of cons cells used (51%)
3759.6 Mbytes of vectors used (62%)
 [1] 4680 4681 4682 4683 4684 4685 4686 4687 4688 4689 4690 4691
Garbage collection 92 = 32+7+53 (level 2) ... 
71.6 Mbytes of cons cells used (51%)
3759.6 Mbytes of vectors used (62%)
 [1] 4692 4693 4694 4695 4696 4697 4698 4699 4700 4701 4702 4703
Garbage collection 94 = 33+7+54 (level 2) ... 
71.6 Mbytes of cons cells used (51%)
3759.6 Mbytes of vectors used (62%)
 [1] 4704 4705 4706 4707 4708 4709 4710 4711 4712 4713 4714 4715
Garbage collection 95 = 33+7+55 (level 2) ... 
71.6 Mbytes of cons cells used (51%)
3759.6 Mbytes of vectors used (62%)
 [1] 4716 4717 4718 4719 4720 4721 4722 4723 4724 4725 4726 4727
