Changed directory to /home/zmx21/MRC_BSU_Internship/Recursive_Partitioning.

JobID: 6890880
======
Time: Thu Nov 22 13:02:07 GMT 2018
Running on master node: gpu-k-23
Current directory: /home/zmx21/MRC_BSU_Internship/Recursive_Partitioning

Nodes allocated:
================
gpu-k-23

numtasks=12, numnodes=1, mpi_tasks_per_node=12 (OMP_NUM_THREADS=1)

Executing command:
==================


Loading required package: grid
  node_size      thresh     n_cores tree_chunks 
    "30000"      "1e-5"        "12" "1001:1500" 
 [1] 1001 1002 1003 1004 1005 1006 1007 1008 1009 1010 1011 1500
Garbage collection 65 = 20+7+38 (level 2) ... 
71.6 Mbytes of cons cells used (51%)
3759.6 Mbytes of vectors used (75%)
 [1] 1012 1013 1014 1015 1016 1017 1018 1019 1020 1021 1022 1023
Garbage collection 67 = 21+7+39 (level 2) ... 
71.6 Mbytes of cons cells used (51%)
3759.6 Mbytes of vectors used (62%)
 [1] 1024 1025 1026 1027 1028 1029 1030 1031 1032 1033 1034 1035
Garbage collection 69 = 22+7+40 (level 2) ... 
71.6 Mbytes of cons cells used (51%)
3759.6 Mbytes of vectors used (62%)
 [1] 1036 1037 1038 1039 1040 1041 1042 1043 1044 1045 1046 1047
Garbage collection 71 = 23+7+41 (level 2) ... 
71.6 Mbytes of cons cells used (51%)
3759.6 Mbytes of vectors used (62%)
 [1] 1048 1049 1050 1051 1052 1053 1054 1055 1056 1057 1058 1059
Garbage collection 73 = 24+7+42 (level 2) ... 
71.6 Mbytes of cons cells used (51%)
3759.6 Mbytes of vectors used (62%)
 [1] 1060 1061 1062 1063 1064 1065 1066 1067 1068 1069 1070 1071
Garbage collection 76 = 26+7+43 (level 2) ... 
71.6 Mbytes of cons cells used (51%)
3759.6 Mbytes of vectors used (62%)
 [1] 1072 1073 1074 1075 1076 1077 1078 1079 1080 1081 1082 1083
Garbage collection 78 = 27+7+44 (level 2) ... 
71.6 Mbytes of cons cells used (51%)
3759.6 Mbytes of vectors used (62%)
 [1] 1084 1085 1086 1087 1088 1089 1090 1091 1092 1093 1094 1095
Garbage collection 80 = 28+7+45 (level 2) ... 
71.6 Mbytes of cons cells used (51%)
3759.6 Mbytes of vectors used (62%)
 [1] 1096 1097 1098 1099 1100 1101 1102 1103 1104 1105 1106 1107
Garbage collection 82 = 29+7+46 (level 2) ... 
71.6 Mbytes of cons cells used (51%)
3759.6 Mbytes of vectors used (62%)
 [1] 1108 1109 1110 1111 1112 1113 1114 1115 1116 1117 1118 1119
Garbage collection 84 = 30+7+47 (level 2) ... 
71.6 Mbytes of cons cells used (51%)
3759.6 Mbytes of vectors used (62%)
 [1] 1120 1121 1122 1123 1124 1125 1126 1127 1128 1129 1130 1131
Garbage collection 86 = 31+7+48 (level 2) ... 
71.6 Mbytes of cons cells used (51%)
3759.6 Mbytes of vectors used (62%)
 [1] 1132 1133 1134 1135 1136 1137 1138 1139 1140 1141 1142 1143
Garbage collection 88 = 32+7+49 (level 2) ... 
71.6 Mbytes of cons cells used (51%)
3759.6 Mbytes of vectors used (62%)
 [1] 1144 1145 1146 1147 1148 1149 1150 1151 1152 1153 1154 1155
Garbage collection 90 = 33+7+50 (level 2) ... 
71.6 Mbytes of cons cells used (51%)
3759.6 Mbytes of vectors used (62%)
 [1] 1156 1157 1158 1159 1160 1161 1162 1163 1164 1165 1166 1167
Garbage collection 92 = 34+7+51 (level 2) ... 
71.6 Mbytes of cons cells used (51%)
3759.6 Mbytes of vectors used (62%)
 [1] 1168 1169 1170 1171 1172 1173 1174 1175 1176 1177 1178 1179
Garbage collection 94 = 35+7+52 (level 2) ... 
71.6 Mbytes of cons cells used (51%)
3759.6 Mbytes of vectors used (62%)
 [1] 1180 1181 1182 1183 1184 1185 1186 1187 1188 1189 1190 1191
Garbage collection 96 = 36+7+53 (level 2) ... 
71.6 Mbytes of cons cells used (51%)
3759.6 Mbytes of vectors used (62%)
 [1] 1192 1193 1194 1195 1196 1197 1198 1199 1200 1201 1202 1203
