Changed directory to /home/zmx21/MRC_BSU_Internship/Recursive_Partitioning.

JobID: 6890442
======
Time: Thu Nov 22 11:57:46 GMT 2018
Running on master node: cpu-k-15
Current directory: /home/zmx21/MRC_BSU_Internship/Recursive_Partitioning

Nodes allocated:
================
cpu-k-15

numtasks=16, numnodes=1, mpi_tasks_per_node=16 (OMP_NUM_THREADS=1)

Executing command:
==================


Loading required package: grid
  node_size      thresh     n_cores tree_chunks 
    "30000"      "3e-5"        "16"  "501:1000" 
 [1]  501  502  503  504  505  506  507  508  509  510  511  512  513  514  515
[16] 1000
Garbage collection 70 = 20+7+43 (level 2) ... 
72.3 Mbytes of cons cells used (51%)
16807.0 Mbytes of vectors used (75%)
 [1] 516 517 518 519 520 521 522 523 524 525 526 527 528 529 530 531
Garbage collection 71 = 20+7+44 (level 2) ... 
72.3 Mbytes of cons cells used (51%)
16807.0 Mbytes of vectors used (62%)
 [1] 532 533 534 535 536 537 538 539 540 541 542 543 544 545 546 547
Garbage collection 73 = 21+7+45 (level 2) ... 
72.3 Mbytes of cons cells used (51%)
16807.0 Mbytes of vectors used (62%)
 [1] 548 549 550 551 552 553 554 555 556 557 558 559 560 561 562 563
Garbage collection 75 = 22+7+46 (level 2) ... 
72.3 Mbytes of cons cells used (51%)
16807.0 Mbytes of vectors used (62%)
 [1] 564 565 566 567 568 569 570 571 572 573 574 575 576 577 578 579
Garbage collection 76 = 22+7+47 (level 2) ... 
72.3 Mbytes of cons cells used (51%)
16807.0 Mbytes of vectors used (62%)
 [1] 580 581 582 583 584 585 586 587 588 589 590 591 592 593 594 595
Garbage collection 78 = 23+7+48 (level 2) ... 
72.3 Mbytes of cons cells used (51%)
16807.0 Mbytes of vectors used (62%)
 [1] 596 597 598 599 600 601 602 603 604 605 606 607 608 609 610 611
Garbage collection 79 = 23+7+49 (level 2) ... 
72.3 Mbytes of cons cells used (51%)
16807.0 Mbytes of vectors used (62%)
 [1] 612 613 614 615 616 617 618 619 620 621 622 623 624 625 626 627
Garbage collection 80 = 23+7+50 (level 2) ... 
72.3 Mbytes of cons cells used (51%)
16807.0 Mbytes of vectors used (62%)
 [1] 628 629 630 631 632 633 634 635 636 637 638 639 640 641 642 643
Garbage collection 82 = 24+7+51 (level 2) ... 
72.3 Mbytes of cons cells used (51%)
16807.0 Mbytes of vectors used (62%)
 [1] 644 645 646 647 648 649 650 651 652 653 654 655 656 657 658 659
Garbage collection 83 = 24+7+52 (level 2) ... 
72.3 Mbytes of cons cells used (51%)
16807.0 Mbytes of vectors used (62%)
 [1] 660 661 662 663 664 665 666 667 668 669 670 671 672 673 674 675
Garbage collection 84 = 24+7+53 (level 2) ... 
72.3 Mbytes of cons cells used (51%)
16807.0 Mbytes of vectors used (62%)
 [1] 676 677 678 679 680 681 682 683 684 685 686 687 688 689 690 691
Garbage collection 86 = 25+7+54 (level 2) ... 
72.3 Mbytes of cons cells used (51%)
16807.0 Mbytes of vectors used (62%)
 [1] 692 693 694 695 696 697 698 699 700 701 702 703 704 705 706 707
Garbage collection 87 = 25+7+55 (level 2) ... 
72.3 Mbytes of cons cells used (51%)
16807.0 Mbytes of vectors used (62%)
 [1] 708 709 710 711 712 713 714 715 716 717 718 719 720 721 722 723
Garbage collection 88 = 25+7+56 (level 2) ... 
72.3 Mbytes of cons cells used (51%)
16807.0 Mbytes of vectors used (62%)
 [1] 724 725 726 727 728 729 730 731 732 733 734 735 736 737 738 739
Garbage collection 89 = 25+7+57 (level 2) ... 
72.3 Mbytes of cons cells used (51%)
16807.0 Mbytes of vectors used (62%)
 [1] 740 741 742 743 744 745 746 747 748 749 750 751 752 753 754 755
Garbage collection 90 = 25+7+58 (level 2) ... 
72.3 Mbytes of cons cells used (51%)
16807.0 Mbytes of vectors used (62%)
 [1] 756 757 758 759 760 761 762 763 764 765 766 767 768 769 770 771
Garbage collection 92 = 26+7+59 (level 2) ... 
72.3 Mbytes of cons cells used (51%)
16807.0 Mbytes of vectors used (62%)
 [1] 772 773 774 775 776 777 778 779 780 781 782 783 784 785 786 787
Garbage collection 94 = 27+7+60 (level 2) ... 
72.3 Mbytes of cons cells used (51%)
16807.0 Mbytes of vectors used (62%)
 [1] 788 789 790 791 792 793 794 795 796 797 798 799 800 801 802 803
Garbage collection 95 = 27+7+61 (level 2) ... 
72.3 Mbytes of cons cells used (51%)
16807.0 Mbytes of vectors used (62%)
 [1] 804 805 806 807 808 809 810 811 812 813 814 815 816 817 818 819
Garbage collection 96 = 27+7+62 (level 2) ... 
72.3 Mbytes of cons cells used (51%)
16807.0 Mbytes of vectors used (62%)
 [1] 820 821 822 823 824 825 826 827 828 829 830 831 832 833 834 835
Garbage collection 98 = 28+7+63 (level 2) ... 
72.3 Mbytes of cons cells used (51%)
16807.0 Mbytes of vectors used (62%)
 [1] 836 837 838 839 840 841 842 843 844 845 846 847 848 849 850 851
Garbage collection 99 = 28+7+64 (level 2) ... 
72.3 Mbytes of cons cells used (51%)
16807.0 Mbytes of vectors used (62%)
 [1] 852 853 854 855 856 857 858 859 860 861 862 863 864 865 866 867
Garbage collection 100 = 28+7+65 (level 2) ... 
72.3 Mbytes of cons cells used (51%)
16807.0 Mbytes of vectors used (62%)
 [1] 868 869 870 871 872 873 874 875 876 877 878 879 880 881 882 883
Garbage collection 101 = 28+7+66 (level 2) ... 
72.3 Mbytes of cons cells used (51%)
16807.0 Mbytes of vectors used (62%)
 [1] 884 885 886 887 888 889 890 891 892 893 894 895 896 897 898 899
Garbage collection 102 = 28+7+67 (level 2) ... 
72.3 Mbytes of cons cells used (51%)
16807.0 Mbytes of vectors used (62%)
 [1] 900 901 902 903 904 905 906 907 908 909 910 911 912 913 914 915
Garbage collection 103 = 28+7+68 (level 2) ... 
72.3 Mbytes of cons cells used (51%)
16807.0 Mbytes of vectors used (62%)
 [1] 916 917 918 919 920 921 922 923 924 925 926 927 928 929 930 931
Garbage collection 104 = 28+7+69 (level 2) ... 
72.3 Mbytes of cons cells used (51%)
16807.0 Mbytes of vectors used (62%)
 [1] 932 933 934 935 936 937 938 939 940 941 942 943 944 945 946 947
Garbage collection 105 = 28+7+70 (level 2) ... 
72.3 Mbytes of cons cells used (51%)
16807.0 Mbytes of vectors used (62%)
 [1] 948 949 950 951 952 953 954 955 956 957 958 959 960 961 962 963
Garbage collection 106 = 28+7+71 (level 2) ... 
72.3 Mbytes of cons cells used (51%)
16807.0 Mbytes of vectors used (62%)
 [1] 964 965 966 967 968 969 970 971 972 973 974 975 976 977 978 979
Garbage collection 107 = 28+7+72 (level 2) ... 
72.3 Mbytes of cons cells used (51%)
16807.0 Mbytes of vectors used (62%)
 [1] 980 981 982 983 984 985 986 987 988 989 990 991 992 993 994 995
Garbage collection 108 = 28+7+73 (level 2) ... 
72.3 Mbytes of cons cells used (51%)
16807.0 Mbytes of vectors used (62%)
[1] 996 997 998 999
Garbage collection 109 = 28+7+74 (level 2) ... 
72.3 Mbytes of cons cells used (51%)
16807.0 Mbytes of vectors used (62%)
Warning message:
In split.default(tree_chunks, seq(length(tree_chunks) - 1)%/%n_cores) :
  data length is not a multiple of split variable
