Changed directory to /home/zmx21/MRC_BSU_Internship/Recursive_Partitioning.

JobID: 6890879
======
Time: Thu Nov 22 13:02:07 GMT 2018
Running on master node: gpu-k-17
Current directory: /home/zmx21/MRC_BSU_Internship/Recursive_Partitioning

Nodes allocated:
================
gpu-k-17

numtasks=12, numnodes=1, mpi_tasks_per_node=12 (OMP_NUM_THREADS=1)

Executing command:
==================


Loading required package: grid
  node_size      thresh     n_cores tree_chunks 
    "30000"      "1e-5"        "12"  "501:1000" 
 [1]  501  502  503  504  505  506  507  508  509  510  511 1000
Garbage collection 65 = 20+7+38 (level 2) ... 
71.6 Mbytes of cons cells used (51%)
3759.6 Mbytes of vectors used (75%)
 [1] 512 513 514 515 516 517 518 519 520 521 522 523
Garbage collection 66 = 20+7+39 (level 2) ... 
71.6 Mbytes of cons cells used (51%)
3759.6 Mbytes of vectors used (62%)
 [1] 524 525 526 527 528 529 530 531 532 533 534 535
Garbage collection 68 = 21+7+40 (level 2) ... 
71.6 Mbytes of cons cells used (51%)
3759.6 Mbytes of vectors used (62%)
 [1] 536 537 538 539 540 541 542 543 544 545 546 547
Garbage collection 70 = 22+7+41 (level 2) ... 
71.6 Mbytes of cons cells used (51%)
3759.6 Mbytes of vectors used (62%)
 [1] 548 549 550 551 552 553 554 555 556 557 558 559
Garbage collection 72 = 23+7+42 (level 2) ... 
71.6 Mbytes of cons cells used (51%)
3759.6 Mbytes of vectors used (62%)
 [1] 560 561 562 563 564 565 566 567 568 569 570 571
Garbage collection 74 = 24+7+43 (level 2) ... 
71.6 Mbytes of cons cells used (51%)
3759.6 Mbytes of vectors used (62%)
 [1] 572 573 574 575 576 577 578 579 580 581 582 583
Garbage collection 76 = 25+7+44 (level 2) ... 
71.6 Mbytes of cons cells used (51%)
3759.6 Mbytes of vectors used (62%)
 [1] 584 585 586 587 588 589 590 591 592 593 594 595
Garbage collection 78 = 26+7+45 (level 2) ... 
71.6 Mbytes of cons cells used (51%)
3759.6 Mbytes of vectors used (62%)
 [1] 596 597 598 599 600 601 602 603 604 605 606 607
Garbage collection 80 = 27+7+46 (level 2) ... 
71.6 Mbytes of cons cells used (51%)
3759.6 Mbytes of vectors used (62%)
 [1] 608 609 610 611 612 613 614 615 616 617 618 619
Garbage collection 82 = 28+7+47 (level 2) ... 
71.6 Mbytes of cons cells used (51%)
3759.6 Mbytes of vectors used (62%)
 [1] 620 621 622 623 624 625 626 627 628 629 630 631
Garbage collection 84 = 29+7+48 (level 2) ... 
71.6 Mbytes of cons cells used (51%)
3759.6 Mbytes of vectors used (62%)
 [1] 632 633 634 635 636 637 638 639 640 641 642 643
Garbage collection 85 = 29+7+49 (level 2) ... 
71.6 Mbytes of cons cells used (51%)
3759.6 Mbytes of vectors used (62%)
 [1] 644 645 646 647 648 649 650 651 652 653 654 655
Garbage collection 87 = 30+7+50 (level 2) ... 
71.6 Mbytes of cons cells used (51%)
3759.6 Mbytes of vectors used (62%)
 [1] 656 657 658 659 660 661 662 663 664 665 666 667
Garbage collection 89 = 31+7+51 (level 2) ... 
71.6 Mbytes of cons cells used (51%)
3759.6 Mbytes of vectors used (62%)
 [1] 668 669 670 671 672 673 674 675 676 677 678 679
Garbage collection 91 = 32+7+52 (level 2) ... 
71.6 Mbytes of cons cells used (51%)
3759.6 Mbytes of vectors used (62%)
 [1] 680 681 682 683 684 685 686 687 688 689 690 691
Garbage collection 93 = 33+7+53 (level 2) ... 
71.6 Mbytes of cons cells used (51%)
3759.6 Mbytes of vectors used (62%)
 [1] 692 693 694 695 696 697 698 699 700 701 702 703
Garbage collection 95 = 34+7+54 (level 2) ... 
71.6 Mbytes of cons cells used (51%)
3759.6 Mbytes of vectors used (62%)
 [1] 704 705 706 707 708 709 710 711 712 713 714 715
Garbage collection 96 = 34+7+55 (level 2) ... 
71.6 Mbytes of cons cells used (51%)
3759.6 Mbytes of vectors used (62%)
 [1] 716 717 718 719 720 721 722 723 724 725 726 727
Garbage collection 97 = 34+7+56 (level 2) ... 
71.6 Mbytes of cons cells used (51%)
3759.6 Mbytes of vectors used (62%)
 [1] 728 729 730 731 732 733 734 735 736 737 738 739
Garbage collection 98 = 34+7+57 (level 2) ... 
71.6 Mbytes of cons cells used (51%)
3759.6 Mbytes of vectors used (62%)
 [1] 740 741 742 743 744 745 746 747 748 749 750 751
Garbage collection 99 = 34+7+58 (level 2) ... 
71.6 Mbytes of cons cells used (51%)
3759.6 Mbytes of vectors used (62%)
 [1] 752 753 754 755 756 757 758 759 760 761 762 763
Garbage collection 100 = 34+7+59 (level 2) ... 
71.6 Mbytes of cons cells used (51%)
3759.6 Mbytes of vectors used (62%)
 [1] 764 765 766 767 768 769 770 771 772 773 774 775
Garbage collection 101 = 34+7+60 (level 2) ... 
71.6 Mbytes of cons cells used (51%)
3759.6 Mbytes of vectors used (62%)
 [1] 776 777 778 779 780 781 782 783 784 785 786 787
Garbage collection 103 = 35+7+61 (level 2) ... 
71.6 Mbytes of cons cells used (51%)
3759.6 Mbytes of vectors used (62%)
 [1] 788 789 790 791 792 793 794 795 796 797 798 799
Garbage collection 104 = 35+7+62 (level 2) ... 
71.6 Mbytes of cons cells used (51%)
3759.6 Mbytes of vectors used (62%)
 [1] 800 801 802 803 804 805 806 807 808 809 810 811
