Changed directory to /home/zmx21/MRC_BSU_Internship_LDL/Recursive_Partitioning.

JobID: 10452958
======
Time: Tue Apr  2 03:48:08 BST 2019
Running on master node: gpu-k-20
Current directory: /home/zmx21/MRC_BSU_Internship_LDL/Recursive_Partitioning

Nodes allocated:
================
gpu-k-20

numtasks=12, numnodes=1, mpi_tasks_per_node=12 (OMP_NUM_THREADS=1)

Executing command:
==================


Loading required package: grid
Loading required package: parallel
Loading required package: future
Error: You need to supply:
# 1: RF result path
# 2: P-value threshold
# 3: Minimum node size
# 4: Number of coresExiting...
Execution halted
