Changed directory to /home/zmx21/MRC_BSU_Internship/Recursive_Partitioning.

JobID: 6890876
======
Time: Thu Nov 22 13:02:05 GMT 2018
Running on master node: gpu-k-18
Current directory: /home/zmx21/MRC_BSU_Internship/Recursive_Partitioning

Nodes allocated:
================
gpu-k-18

numtasks=12, numnodes=1, mpi_tasks_per_node=12 (OMP_NUM_THREADS=1)

Executing command:
==================


Loading required package: grid
  node_size      thresh     n_cores tree_chunks 
    "10000"      "1e-5"        "12" "4001:4500" 
 [1] 4001 4002 4003 4004 4005 4006 4007 4008 4009 4010 4011 4500
Garbage collection 65 = 20+7+38 (level 2) ... 
71.6 Mbytes of cons cells used (51%)
3759.6 Mbytes of vectors used (75%)
 [1] 4012 4013 4014 4015 4016 4017 4018 4019 4020 4021 4022 4023
Garbage collection 67 = 21+7+39 (level 2) ... 
71.6 Mbytes of cons cells used (51%)
3759.6 Mbytes of vectors used (62%)
 [1] 4024 4025 4026 4027 4028 4029 4030 4031 4032 4033 4034 4035
Garbage collection 69 = 22+7+40 (level 2) ... 
71.6 Mbytes of cons cells used (51%)
3759.6 Mbytes of vectors used (62%)
 [1] 4036 4037 4038 4039 4040 4041 4042 4043 4044 4045 4046 4047
Garbage collection 71 = 23+7+41 (level 2) ... 
71.6 Mbytes of cons cells used (51%)
3759.6 Mbytes of vectors used (62%)
 [1] 4048 4049 4050 4051 4052 4053 4054 4055 4056 4057 4058 4059
Garbage collection 73 = 24+7+42 (level 2) ... 
71.6 Mbytes of cons cells used (51%)
3759.6 Mbytes of vectors used (62%)
 [1] 4060 4061 4062 4063 4064 4065 4066 4067 4068 4069 4070 4071
Garbage collection 75 = 25+7+43 (level 2) ... 
71.6 Mbytes of cons cells used (51%)
3759.6 Mbytes of vectors used (62%)
 [1] 4072 4073 4074 4075 4076 4077 4078 4079 4080 4081 4082 4083
Garbage collection 77 = 26+7+44 (level 2) ... 
71.6 Mbytes of cons cells used (51%)
3759.6 Mbytes of vectors used (62%)
 [1] 4084 4085 4086 4087 4088 4089 4090 4091 4092 4093 4094 4095
Garbage collection 79 = 27+7+45 (level 2) ... 
71.6 Mbytes of cons cells used (51%)
3759.6 Mbytes of vectors used (62%)
 [1] 4096 4097 4098 4099 4100 4101 4102 4103 4104 4105 4106 4107
Garbage collection 81 = 28+7+46 (level 2) ... 
71.6 Mbytes of cons cells used (51%)
3759.6 Mbytes of vectors used (62%)
 [1] 4108 4109 4110 4111 4112 4113 4114 4115 4116 4117 4118 4119
Garbage collection 83 = 29+7+47 (level 2) ... 
71.6 Mbytes of cons cells used (51%)
3759.6 Mbytes of vectors used (62%)
 [1] 4120 4121 4122 4123 4124 4125 4126 4127 4128 4129 4130 4131
Garbage collection 85 = 30+7+48 (level 2) ... 
71.6 Mbytes of cons cells used (51%)
3759.6 Mbytes of vectors used (62%)
 [1] 4132 4133 4134 4135 4136 4137 4138 4139 4140 4141 4142 4143
Garbage collection 87 = 31+7+49 (level 2) ... 
71.6 Mbytes of cons cells used (51%)
3759.6 Mbytes of vectors used (62%)
 [1] 4144 4145 4146 4147 4148 4149 4150 4151 4152 4153 4154 4155
Garbage collection 89 = 32+7+50 (level 2) ... 
71.6 Mbytes of cons cells used (51%)
3759.6 Mbytes of vectors used (62%)
 [1] 4156 4157 4158 4159 4160 4161 4162 4163 4164 4165 4166 4167
Garbage collection 91 = 33+7+51 (level 2) ... 
71.6 Mbytes of cons cells used (51%)
3759.6 Mbytes of vectors used (62%)
 [1] 4168 4169 4170 4171 4172 4173 4174 4175 4176 4177 4178 4179
