Changed directory to /home/zmx21/MRC_BSU_Internship/Recursive_Partitioning.

JobID: 6890874
======
Time: Thu Nov 22 13:02:05 GMT 2018
Running on master node: gpu-k-20
Current directory: /home/zmx21/MRC_BSU_Internship/Recursive_Partitioning

Nodes allocated:
================
gpu-k-20

numtasks=12, numnodes=1, mpi_tasks_per_node=12 (OMP_NUM_THREADS=1)

Executing command:
==================


Loading required package: grid
  node_size      thresh     n_cores tree_chunks 
    "10000"      "1e-5"        "12" "3001:3500" 
 [1] 3001 3002 3003 3004 3005 3006 3007 3008 3009 3010 3011 3500
Garbage collection 65 = 20+7+38 (level 2) ... 
71.6 Mbytes of cons cells used (51%)
3759.6 Mbytes of vectors used (75%)
 [1] 3012 3013 3014 3015 3016 3017 3018 3019 3020 3021 3022 3023
Garbage collection 67 = 21+7+39 (level 2) ... 
71.6 Mbytes of cons cells used (51%)
3759.6 Mbytes of vectors used (62%)
 [1] 3024 3025 3026 3027 3028 3029 3030 3031 3032 3033 3034 3035
Garbage collection 69 = 22+7+40 (level 2) ... 
71.6 Mbytes of cons cells used (51%)
3759.6 Mbytes of vectors used (62%)
 [1] 3036 3037 3038 3039 3040 3041 3042 3043 3044 3045 3046 3047
Garbage collection 71 = 23+7+41 (level 2) ... 
71.6 Mbytes of cons cells used (51%)
3759.6 Mbytes of vectors used (62%)
 [1] 3048 3049 3050 3051 3052 3053 3054 3055 3056 3057 3058 3059
Garbage collection 73 = 24+7+42 (level 2) ... 
71.6 Mbytes of cons cells used (51%)
3759.6 Mbytes of vectors used (62%)
 [1] 3060 3061 3062 3063 3064 3065 3066 3067 3068 3069 3070 3071
Garbage collection 75 = 25+7+43 (level 2) ... 
71.6 Mbytes of cons cells used (51%)
3759.6 Mbytes of vectors used (62%)
 [1] 3072 3073 3074 3075 3076 3077 3078 3079 3080 3081 3082 3083
Garbage collection 77 = 26+7+44 (level 2) ... 
71.6 Mbytes of cons cells used (51%)
3759.6 Mbytes of vectors used (62%)
 [1] 3084 3085 3086 3087 3088 3089 3090 3091 3092 3093 3094 3095
Garbage collection 79 = 27+7+45 (level 2) ... 
71.6 Mbytes of cons cells used (51%)
3759.6 Mbytes of vectors used (62%)
 [1] 3096 3097 3098 3099 3100 3101 3102 3103 3104 3105 3106 3107
Garbage collection 81 = 28+7+46 (level 2) ... 
71.6 Mbytes of cons cells used (51%)
3759.6 Mbytes of vectors used (62%)
 [1] 3108 3109 3110 3111 3112 3113 3114 3115 3116 3117 3118 3119
Garbage collection 83 = 29+7+47 (level 2) ... 
71.6 Mbytes of cons cells used (51%)
3759.6 Mbytes of vectors used (62%)
 [1] 3120 3121 3122 3123 3124 3125 3126 3127 3128 3129 3130 3131
Garbage collection 85 = 30+7+48 (level 2) ... 
71.6 Mbytes of cons cells used (51%)
3759.6 Mbytes of vectors used (62%)
 [1] 3132 3133 3134 3135 3136 3137 3138 3139 3140 3141 3142 3143
Garbage collection 87 = 31+7+49 (level 2) ... 
71.6 Mbytes of cons cells used (51%)
3759.6 Mbytes of vectors used (62%)
 [1] 3144 3145 3146 3147 3148 3149 3150 3151 3152 3153 3154 3155
