Changed directory to /home/zmx21/MRC_BSU_Internship/Recursive_Partitioning.

JobID: 6890885
======
Time: Thu Nov 22 13:02:07 GMT 2018
Running on master node: gpu-k-7
Current directory: /home/zmx21/MRC_BSU_Internship/Recursive_Partitioning

Nodes allocated:
================
gpu-k-7

numtasks=12, numnodes=1, mpi_tasks_per_node=12 (OMP_NUM_THREADS=1)

Executing command:
==================


Loading required package: grid
  node_size      thresh     n_cores tree_chunks 
    "30000"      "1e-5"        "12" "3501:4000" 
 [1] 3501 3502 3503 3504 3505 3506 3507 3508 3509 3510 3511 4000
Garbage collection 65 = 20+7+38 (level 2) ... 
71.6 Mbytes of cons cells used (51%)
3759.6 Mbytes of vectors used (75%)
 [1] 3512 3513 3514 3515 3516 3517 3518 3519 3520 3521 3522 3523
Garbage collection 66 = 20+7+39 (level 2) ... 
71.6 Mbytes of cons cells used (51%)
3759.6 Mbytes of vectors used (62%)
 [1] 3524 3525 3526 3527 3528 3529 3530 3531 3532 3533 3534 3535
Garbage collection 68 = 21+7+40 (level 2) ... 
71.6 Mbytes of cons cells used (51%)
3759.6 Mbytes of vectors used (62%)
 [1] 3536 3537 3538 3539 3540 3541 3542 3543 3544 3545 3546 3547
Garbage collection 70 = 22+7+41 (level 2) ... 
71.6 Mbytes of cons cells used (51%)
3759.6 Mbytes of vectors used (62%)
 [1] 3548 3549 3550 3551 3552 3553 3554 3555 3556 3557 3558 3559
Garbage collection 72 = 23+7+42 (level 2) ... 
71.6 Mbytes of cons cells used (51%)
3759.6 Mbytes of vectors used (62%)
 [1] 3560 3561 3562 3563 3564 3565 3566 3567 3568 3569 3570 3571
Garbage collection 74 = 24+7+43 (level 2) ... 
71.6 Mbytes of cons cells used (51%)
3759.6 Mbytes of vectors used (62%)
 [1] 3572 3573 3574 3575 3576 3577 3578 3579 3580 3581 3582 3583
Garbage collection 76 = 25+7+44 (level 2) ... 
71.6 Mbytes of cons cells used (51%)
3759.6 Mbytes of vectors used (62%)
 [1] 3584 3585 3586 3587 3588 3589 3590 3591 3592 3593 3594 3595
Garbage collection 77 = 25+7+45 (level 2) ... 
71.6 Mbytes of cons cells used (51%)
3759.6 Mbytes of vectors used (62%)
 [1] 3596 3597 3598 3599 3600 3601 3602 3603 3604 3605 3606 3607
Garbage collection 79 = 26+7+46 (level 2) ... 
71.6 Mbytes of cons cells used (51%)
3759.6 Mbytes of vectors used (62%)
 [1] 3608 3609 3610 3611 3612 3613 3614 3615 3616 3617 3618 3619
Garbage collection 80 = 26+7+47 (level 2) ... 
71.6 Mbytes of cons cells used (51%)
3759.6 Mbytes of vectors used (62%)
 [1] 3620 3621 3622 3623 3624 3625 3626 3627 3628 3629 3630 3631
Garbage collection 82 = 27+7+48 (level 2) ... 
71.6 Mbytes of cons cells used (51%)
3759.6 Mbytes of vectors used (62%)
 [1] 3632 3633 3634 3635 3636 3637 3638 3639 3640 3641 3642 3643
Garbage collection 84 = 28+7+49 (level 2) ... 
71.6 Mbytes of cons cells used (51%)
3759.6 Mbytes of vectors used (62%)
 [1] 3644 3645 3646 3647 3648 3649 3650 3651 3652 3653 3654 3655
Garbage collection 86 = 29+7+50 (level 2) ... 
71.6 Mbytes of cons cells used (51%)
3759.6 Mbytes of vectors used (62%)
 [1] 3656 3657 3658 3659 3660 3661 3662 3663 3664 3665 3666 3667
Garbage collection 88 = 30+7+51 (level 2) ... 
71.6 Mbytes of cons cells used (51%)
3759.6 Mbytes of vectors used (62%)
 [1] 3668 3669 3670 3671 3672 3673 3674 3675 3676 3677 3678 3679
Garbage collection 90 = 31+7+52 (level 2) ... 
71.6 Mbytes of cons cells used (51%)
3759.6 Mbytes of vectors used (62%)
 [1] 3680 3681 3682 3683 3684 3685 3686 3687 3688 3689 3690 3691
Garbage collection 91 = 31+7+53 (level 2) ... 
71.6 Mbytes of cons cells used (51%)
3759.6 Mbytes of vectors used (62%)
 [1] 3692 3693 3694 3695 3696 3697 3698 3699 3700 3701 3702 3703
Garbage collection 93 = 32+7+54 (level 2) ... 
71.6 Mbytes of cons cells used (51%)
3759.6 Mbytes of vectors used (62%)
 [1] 3704 3705 3706 3707 3708 3709 3710 3711 3712 3713 3714 3715
Garbage collection 94 = 32+7+55 (level 2) ... 
71.6 Mbytes of cons cells used (51%)
3759.6 Mbytes of vectors used (62%)
 [1] 3716 3717 3718 3719 3720 3721 3722 3723 3724 3725 3726 3727
Garbage collection 96 = 33+7+56 (level 2) ... 
71.6 Mbytes of cons cells used (51%)
3759.6 Mbytes of vectors used (62%)
 [1] 3728 3729 3730 3731 3732 3733 3734 3735 3736 3737 3738 3739
Garbage collection 97 = 33+7+57 (level 2) ... 
71.6 Mbytes of cons cells used (51%)
3759.6 Mbytes of vectors used (62%)
 [1] 3740 3741 3742 3743 3744 3745 3746 3747 3748 3749 3750 3751
Garbage collection 99 = 34+7+58 (level 2) ... 
71.6 Mbytes of cons cells used (51%)
3759.6 Mbytes of vectors used (62%)
 [1] 3752 3753 3754 3755 3756 3757 3758 3759 3760 3761 3762 3763
Garbage collection 101 = 35+7+59 (level 2) ... 
71.6 Mbytes of cons cells used (51%)
3759.6 Mbytes of vectors used (62%)
 [1] 3764 3765 3766 3767 3768 3769 3770 3771 3772 3773 3774 3775
Garbage collection 103 = 36+7+60 (level 2) ... 
71.6 Mbytes of cons cells used (51%)
3759.6 Mbytes of vectors used (62%)
 [1] 3776 3777 3778 3779 3780 3781 3782 3783 3784 3785 3786 3787
Garbage collection 104 = 36+7+61 (level 2) ... 
71.6 Mbytes of cons cells used (51%)
3759.6 Mbytes of vectors used (62%)
 [1] 3788 3789 3790 3791 3792 3793 3794 3795 3796 3797 3798 3799
Garbage collection 105 = 36+7+62 (level 2) ... 
71.6 Mbytes of cons cells used (51%)
3759.6 Mbytes of vectors used (62%)
 [1] 3800 3801 3802 3803 3804 3805 3806 3807 3808 3809 3810 3811
