Changed directory to /home/zmx21/MRC_BSU_Internship/Recursive_Partitioning.

JobID: 6890447
======
Time: Thu Nov 22 12:29:49 GMT 2018
Running on master node: cpu-k-11
Current directory: /home/zmx21/MRC_BSU_Internship/Recursive_Partitioning

Nodes allocated:
================
cpu-k-11

numtasks=16, numnodes=1, mpi_tasks_per_node=16 (OMP_NUM_THREADS=1)

Executing command:
==================


Loading required package: grid
  node_size      thresh     n_cores tree_chunks 
    "30000"      "3e-5"        "16" "3001:3500" 
 [1] 3001 3002 3003 3004 3005 3006 3007 3008 3009 3010 3011 3012 3013 3014 3015
[16] 3500
Garbage collection 70 = 20+7+43 (level 2) ... 
72.3 Mbytes of cons cells used (51%)
16807.0 Mbytes of vectors used (75%)
 [1] 3016 3017 3018 3019 3020 3021 3022 3023 3024 3025 3026 3027 3028 3029 3030
[16] 3031
Garbage collection 72 = 21+7+44 (level 2) ... 
72.3 Mbytes of cons cells used (51%)
16807.0 Mbytes of vectors used (62%)
 [1] 3032 3033 3034 3035 3036 3037 3038 3039 3040 3041 3042 3043 3044 3045 3046
[16] 3047
Garbage collection 73 = 21+7+45 (level 2) ... 
72.3 Mbytes of cons cells used (51%)
16807.0 Mbytes of vectors used (62%)
 [1] 3048 3049 3050 3051 3052 3053 3054 3055 3056 3057 3058 3059 3060 3061 3062
[16] 3063
Garbage collection 74 = 21+7+46 (level 2) ... 
72.3 Mbytes of cons cells used (51%)
16807.0 Mbytes of vectors used (62%)
 [1] 3064 3065 3066 3067 3068 3069 3070 3071 3072 3073 3074 3075 3076 3077 3078
[16] 3079
Garbage collection 75 = 21+7+47 (level 2) ... 
72.3 Mbytes of cons cells used (51%)
16807.0 Mbytes of vectors used (62%)
 [1] 3080 3081 3082 3083 3084 3085 3086 3087 3088 3089 3090 3091 3092 3093 3094
[16] 3095
Garbage collection 76 = 21+7+48 (level 2) ... 
72.3 Mbytes of cons cells used (51%)
16807.0 Mbytes of vectors used (62%)
 [1] 3096 3097 3098 3099 3100 3101 3102 3103 3104 3105 3106 3107 3108 3109 3110
[16] 3111
Garbage collection 77 = 21+7+49 (level 2) ... 
72.3 Mbytes of cons cells used (51%)
16807.0 Mbytes of vectors used (62%)
 [1] 3112 3113 3114 3115 3116 3117 3118 3119 3120 3121 3122 3123 3124 3125 3126
[16] 3127
Garbage collection 78 = 21+7+50 (level 2) ... 
72.3 Mbytes of cons cells used (51%)
16807.0 Mbytes of vectors used (62%)
 [1] 3128 3129 3130 3131 3132 3133 3134 3135 3136 3137 3138 3139 3140 3141 3142
[16] 3143
Garbage collection 80 = 22+7+51 (level 2) ... 
72.3 Mbytes of cons cells used (51%)
16807.0 Mbytes of vectors used (62%)
 [1] 3144 3145 3146 3147 3148 3149 3150 3151 3152 3153 3154 3155 3156 3157 3158
[16] 3159
Garbage collection 82 = 23+7+52 (level 2) ... 
72.3 Mbytes of cons cells used (51%)
16807.0 Mbytes of vectors used (62%)
 [1] 3160 3161 3162 3163 3164 3165 3166 3167 3168 3169 3170 3171 3172 3173 3174
[16] 3175
Garbage collection 84 = 24+7+53 (level 2) ... 
72.3 Mbytes of cons cells used (51%)
16807.0 Mbytes of vectors used (62%)
 [1] 3176 3177 3178 3179 3180 3181 3182 3183 3184 3185 3186 3187 3188 3189 3190
[16] 3191
Garbage collection 85 = 24+7+54 (level 2) ... 
72.3 Mbytes of cons cells used (51%)
16807.0 Mbytes of vectors used (62%)
 [1] 3192 3193 3194 3195 3196 3197 3198 3199 3200 3201 3202 3203 3204 3205 3206
[16] 3207
Garbage collection 86 = 24+7+55 (level 2) ... 
72.3 Mbytes of cons cells used (51%)
16807.0 Mbytes of vectors used (62%)
 [1] 3208 3209 3210 3211 3212 3213 3214 3215 3216 3217 3218 3219 3220 3221 3222
[16] 3223
Garbage collection 87 = 24+7+56 (level 2) ... 
72.3 Mbytes of cons cells used (51%)
16807.0 Mbytes of vectors used (62%)
 [1] 3224 3225 3226 3227 3228 3229 3230 3231 3232 3233 3234 3235 3236 3237 3238
[16] 3239
Garbage collection 89 = 25+7+57 (level 2) ... 
72.3 Mbytes of cons cells used (51%)
16807.0 Mbytes of vectors used (62%)
 [1] 3240 3241 3242 3243 3244 3245 3246 3247 3248 3249 3250 3251 3252 3253 3254
[16] 3255
Garbage collection 90 = 25+7+58 (level 2) ... 
72.3 Mbytes of cons cells used (51%)
16807.0 Mbytes of vectors used (62%)
 [1] 3256 3257 3258 3259 3260 3261 3262 3263 3264 3265 3266 3267 3268 3269 3270
[16] 3271
Garbage collection 92 = 26+7+59 (level 2) ... 
72.3 Mbytes of cons cells used (51%)
16807.0 Mbytes of vectors used (62%)
 [1] 3272 3273 3274 3275 3276 3277 3278 3279 3280 3281 3282 3283 3284 3285 3286
[16] 3287
Garbage collection 93 = 26+7+60 (level 2) ... 
72.3 Mbytes of cons cells used (51%)
16807.0 Mbytes of vectors used (62%)
 [1] 3288 3289 3290 3291 3292 3293 3294 3295 3296 3297 3298 3299 3300 3301 3302
[16] 3303
Garbage collection 94 = 26+7+61 (level 2) ... 
72.3 Mbytes of cons cells used (51%)
16807.0 Mbytes of vectors used (62%)
 [1] 3304 3305 3306 3307 3308 3309 3310 3311 3312 3313 3314 3315 3316 3317 3318
[16] 3319
Garbage collection 95 = 26+7+62 (level 2) ... 
72.3 Mbytes of cons cells used (51%)
16807.0 Mbytes of vectors used (62%)
 [1] 3320 3321 3322 3323 3324 3325 3326 3327 3328 3329 3330 3331 3332 3333 3334
[16] 3335
Garbage collection 97 = 27+7+63 (level 2) ... 
72.3 Mbytes of cons cells used (51%)
16807.0 Mbytes of vectors used (62%)
 [1] 3336 3337 3338 3339 3340 3341 3342 3343 3344 3345 3346 3347 3348 3349 3350
[16] 3351
Garbage collection 98 = 27+7+64 (level 2) ... 
72.3 Mbytes of cons cells used (51%)
16807.0 Mbytes of vectors used (62%)
 [1] 3352 3353 3354 3355 3356 3357 3358 3359 3360 3361 3362 3363 3364 3365 3366
[16] 3367
Garbage collection 99 = 27+7+65 (level 2) ... 
72.3 Mbytes of cons cells used (51%)
16807.0 Mbytes of vectors used (62%)
 [1] 3368 3369 3370 3371 3372 3373 3374 3375 3376 3377 3378 3379 3380 3381 3382
[16] 3383
Garbage collection 100 = 27+7+66 (level 2) ... 
72.3 Mbytes of cons cells used (51%)
16807.0 Mbytes of vectors used (62%)
 [1] 3384 3385 3386 3387 3388 3389 3390 3391 3392 3393 3394 3395 3396 3397 3398
[16] 3399
Garbage collection 101 = 27+7+67 (level 2) ... 
72.3 Mbytes of cons cells used (51%)
16807.0 Mbytes of vectors used (62%)
 [1] 3400 3401 3402 3403 3404 3405 3406 3407 3408 3409 3410 3411 3412 3413 3414
[16] 3415
Garbage collection 102 = 27+7+68 (level 2) ... 
72.3 Mbytes of cons cells used (51%)
16807.0 Mbytes of vectors used (62%)
 [1] 3416 3417 3418 3419 3420 3421 3422 3423 3424 3425 3426 3427 3428 3429 3430
[16] 3431
Garbage collection 103 = 27+7+69 (level 2) ... 
72.3 Mbytes of cons cells used (51%)
16807.0 Mbytes of vectors used (62%)
 [1] 3432 3433 3434 3435 3436 3437 3438 3439 3440 3441 3442 3443 3444 3445 3446
[16] 3447
Garbage collection 104 = 27+7+70 (level 2) ... 
72.3 Mbytes of cons cells used (51%)
16807.0 Mbytes of vectors used (62%)
 [1] 3448 3449 3450 3451 3452 3453 3454 3455 3456 3457 3458 3459 3460 3461 3462
[16] 3463
Garbage collection 105 = 27+7+71 (level 2) ... 
72.3 Mbytes of cons cells used (51%)
16807.0 Mbytes of vectors used (62%)
 [1] 3464 3465 3466 3467 3468 3469 3470 3471 3472 3473 3474 3475 3476 3477 3478
[16] 3479
Garbage collection 106 = 27+7+72 (level 2) ... 
72.3 Mbytes of cons cells used (51%)
16807.0 Mbytes of vectors used (62%)
 [1] 3480 3481 3482 3483 3484 3485 3486 3487 3488 3489 3490 3491 3492 3493 3494
[16] 3495
Garbage collection 107 = 27+7+73 (level 2) ... 
72.3 Mbytes of cons cells used (51%)
16807.0 Mbytes of vectors used (62%)
[1] 3496 3497 3498 3499
Garbage collection 108 = 27+7+74 (level 2) ... 
72.3 Mbytes of cons cells used (51%)
16807.0 Mbytes of vectors used (62%)
Warning message:
In split.default(tree_chunks, seq(length(tree_chunks) - 1)%/%n_cores) :
  data length is not a multiple of split variable
