Changed directory to /home/zmx21/MRC_BSU_Internship/Recursive_Partitioning.

JobID: 6890444
======
Time: Thu Nov 22 11:57:49 GMT 2018
Running on master node: cpu-k-17
Current directory: /home/zmx21/MRC_BSU_Internship/Recursive_Partitioning

Nodes allocated:
================
cpu-k-17

numtasks=16, numnodes=1, mpi_tasks_per_node=16 (OMP_NUM_THREADS=1)

Executing command:
==================


Loading required package: grid
  node_size      thresh     n_cores tree_chunks 
    "30000"      "3e-5"        "16" "1501:2000" 
 [1] 1501 1502 1503 1504 1505 1506 1507 1508 1509 1510 1511 1512 1513 1514 1515
[16] 2000
Garbage collection 71 = 20+7+44 (level 2) ... 
72.3 Mbytes of cons cells used (51%)
16807.0 Mbytes of vectors used (62%)
 [1] 1516 1517 1518 1519 1520 1521 1522 1523 1524 1525 1526 1527 1528 1529 1530
[16] 1531
Garbage collection 74 = 22+7+45 (level 2) ... 
72.3 Mbytes of cons cells used (51%)
16807.0 Mbytes of vectors used (62%)
 [1] 1532 1533 1534 1535 1536 1537 1538 1539 1540 1541 1542 1543 1544 1545 1546
[16] 1547
Garbage collection 77 = 24+7+46 (level 2) ... 
72.3 Mbytes of cons cells used (51%)
16807.0 Mbytes of vectors used (62%)
 [1] 1548 1549 1550 1551 1552 1553 1554 1555 1556 1557 1558 1559 1560 1561 1562
[16] 1563
Garbage collection 80 = 26+7+47 (level 2) ... 
72.3 Mbytes of cons cells used (51%)
16807.0 Mbytes of vectors used (62%)
 [1] 1564 1565 1566 1567 1568 1569 1570 1571 1572 1573 1574 1575 1576 1577 1578
[16] 1579
Garbage collection 83 = 28+7+48 (level 2) ... 
72.3 Mbytes of cons cells used (51%)
16807.0 Mbytes of vectors used (62%)
 [1] 1580 1581 1582 1583 1584 1585 1586 1587 1588 1589 1590 1591 1592 1593 1594
[16] 1595
Garbage collection 86 = 30+7+49 (level 2) ... 
72.3 Mbytes of cons cells used (51%)
16807.0 Mbytes of vectors used (62%)
 [1] 1596 1597 1598 1599 1600 1601 1602 1603 1604 1605 1606 1607 1608 1609 1610
[16] 1611
Garbage collection 89 = 32+7+50 (level 2) ... 
72.3 Mbytes of cons cells used (51%)
16807.0 Mbytes of vectors used (62%)
 [1] 1612 1613 1614 1615 1616 1617 1618 1619 1620 1621 1622 1623 1624 1625 1626
[16] 1627
Garbage collection 92 = 33+8+51 (level 2) ... 
72.3 Mbytes of cons cells used (51%)
16807.0 Mbytes of vectors used (62%)
 [1] 1628 1629 1630 1631 1632 1633 1634 1635 1636 1637 1638 1639 1640 1641 1642
[16] 1643
Garbage collection 95 = 35+8+52 (level 2) ... 
72.3 Mbytes of cons cells used (51%)
16807.0 Mbytes of vectors used (62%)
 [1] 1644 1645 1646 1647 1648 1649 1650 1651 1652 1653 1654 1655 1656 1657 1658
[16] 1659
Garbage collection 98 = 37+8+53 (level 2) ... 
72.3 Mbytes of cons cells used (51%)
16807.0 Mbytes of vectors used (62%)
 [1] 1660 1661 1662 1663 1664 1665 1666 1667 1668 1669 1670 1671 1672 1673 1674
[16] 1675
Garbage collection 101 = 39+8+54 (level 2) ... 
72.3 Mbytes of cons cells used (51%)
16807.0 Mbytes of vectors used (62%)
 [1] 1676 1677 1678 1679 1680 1681 1682 1683 1684 1685 1686 1687 1688 1689 1690
[16] 1691
Garbage collection 104 = 41+8+55 (level 2) ... 
72.3 Mbytes of cons cells used (51%)
16807.0 Mbytes of vectors used (62%)
 [1] 1692 1693 1694 1695 1696 1697 1698 1699 1700 1701 1702 1703 1704 1705 1706
[16] 1707
Garbage collection 107 = 43+8+56 (level 2) ... 
72.3 Mbytes of cons cells used (51%)
16807.0 Mbytes of vectors used (62%)
 [1] 1708 1709 1710 1711 1712 1713 1714 1715 1716 1717 1718 1719 1720 1721 1722
[16] 1723
Garbage collection 110 = 45+8+57 (level 2) ... 
72.3 Mbytes of cons cells used (51%)
16807.0 Mbytes of vectors used (62%)
 [1] 1724 1725 1726 1727 1728 1729 1730 1731 1732 1733 1734 1735 1736 1737 1738
[16] 1739
Garbage collection 113 = 47+8+58 (level 2) ... 
72.3 Mbytes of cons cells used (51%)
16807.0 Mbytes of vectors used (62%)
 [1] 1740 1741 1742 1743 1744 1745 1746 1747 1748 1749 1750 1751 1752 1753 1754
[16] 1755
Garbage collection 116 = 49+8+59 (level 2) ... 
72.3 Mbytes of cons cells used (51%)
16807.0 Mbytes of vectors used (62%)
 [1] 1756 1757 1758 1759 1760 1761 1762 1763 1764 1765 1766 1767 1768 1769 1770
[16] 1771
Garbage collection 119 = 51+8+60 (level 2) ... 
72.3 Mbytes of cons cells used (51%)
16807.0 Mbytes of vectors used (62%)
 [1] 1772 1773 1774 1775 1776 1777 1778 1779 1780 1781 1782 1783 1784 1785 1786
[16] 1787
Garbage collection 122 = 52+9+61 (level 2) ... 
72.3 Mbytes of cons cells used (51%)
16807.0 Mbytes of vectors used (62%)
 [1] 1788 1789 1790 1791 1792 1793 1794 1795 1796 1797 1798 1799 1800 1801 1802
[16] 1803
Garbage collection 125 = 54+9+62 (level 2) ... 
72.3 Mbytes of cons cells used (51%)
16807.0 Mbytes of vectors used (62%)
 [1] 1804 1805 1806 1807 1808 1809 1810 1811 1812 1813 1814 1815 1816 1817 1818
[16] 1819
Garbage collection 128 = 56+9+63 (level 2) ... 
72.3 Mbytes of cons cells used (51%)
16807.0 Mbytes of vectors used (62%)
 [1] 1820 1821 1822 1823 1824 1825 1826 1827 1828 1829 1830 1831 1832 1833 1834
[16] 1835
