Changed directory to /home/zmx21/MRC_BSU_Internship/Target_Gene_Interactions.

JobID: 5125349
======
Time: Thu Sep 13 22:30:48 BST 2018
Running on master node: cpu-k-26
Current directory: /home/zmx21/MRC_BSU_Internship/Target_Gene_Interactions

Nodes allocated:
================
cpu-k-26

numtasks=16, numnodes=1, mpi_tasks_per_node=16 (OMP_NUM_THREADS=1)

Executing command:
==================


[1] "All Arguments Supplied"
[1] "# 1: Input Path:   /mrc-bsu/scratch/zmx21/UKB_Data/"
[1] "# 2: Sample File Prefix:   ukbb_eur_all_sbp"
[1] "# 3: Bgen File Prefix:   ukb_imp_chr#_HRConly"
[1] "# 4: Chromosome to Analyze:   1"
[1] "# 5: Phenotype Identifier (column name in .sample file):   sbp"
[1] "# 6: rsid of Target SNP:   rs603424"
[1] "# 7: Chromosome of The Target SNP:   10"
[1] "# 8: Number of Cores:   16"

Attaching package: ‘dplyr’

The following objects are masked from ‘package:stats’:

    filter, lag

The following objects are masked from ‘package:base’:

    intersect, setdiff, setequal, union


Attaching package: ‘data.table’

The following objects are masked from ‘package:dplyr’:

    between, first, last

Loading required package: future
[1] "Loading rsID"

Welcome to bgenix
(version: 1.1.4, revision )

(C) 2009-2017 University of Oxford

Building query                                              :  (0/?,0.0s,0.0/s)Building query                                              :  (864344/?,1.0s,864260.0/s)Building query                                              :  (1699593/?,2.0s,849751.0/s)Building query                                              :  (2415554/?,3.0s,805150.0/s)Building query                                              :  (3069931/?,3.9s,788186.9/s)
