Changed directory to /home/zmx21/MRC_BSU_Internship_LDL/Plots.

JobID: 10575625
======
Time: Fri Apr  5 02:12:36 BST 2019
Running on master node: gpu-k-1
Current directory: /home/zmx21/MRC_BSU_Internship_LDL/Plots

Nodes allocated:
================
gpu-k-1

numtasks=12, numnodes=1, mpi_tasks_per_node=12 (OMP_NUM_THREADS=1)

Executing command:
==================



Attaching package: ‘dplyr’

The following objects are masked from ‘package:stats’:

    filter, lag

The following objects are masked from ‘package:base’:

    intersect, setdiff, setequal, union


Attaching package: ‘dbplyr’

The following objects are masked from ‘package:dplyr’:

    ident, sql


Attaching package: ‘data.table’

The following objects are masked from ‘package:dplyr’:

    between, first, last

Error in UseMethod("tbl") : 
  no applicable method for 'tbl' applied to an object of class "SQLiteConnection"
Calls: <Anonymous>
Execution halted
