Changed directory to /home/zmx21/MRC_BSU_Internship_LDL/Plots.

JobID: 10588199
======
Time: Sat Apr  6 03:05:41 BST 2019
Running on master node: gpu-k-1
Current directory: /home/zmx21/MRC_BSU_Internship_LDL/Plots

Nodes allocated:
================
gpu-k-1

numtasks=12, numnodes=1, mpi_tasks_per_node=12 (OMP_NUM_THREADS=1)

Executing command:
==================


Loading required package: parallel
Loading required package: future
[1] "~/bsu_scratch/LDL_Project_Data/Random_Forest/rs12916_rs17238484_rs5909_rs2303152_rs10066707_rs2006760_LDLdirect/0.75_10000_5e-6/"
[1] "~/bsu_scratch/LDL_Project_Data/Random_Forest/rs12916_rs17238484_rs5909_rs2303152_rs10066707_rs2006760_LDLdirect/0.75_20000_5e-6/"
[1] "~/bsu_scratch/LDL_Project_Data/Random_Forest/rs12916_rs17238484_rs5909_rs2303152_rs10066707_rs2006760_LDLdirect/0.75_30000_5e-6/"
[1] "~/bsu_scratch/LDL_Project_Data/Random_Forest/rs12916_rs17238484_rs5909_rs2303152_rs10066707_rs2006760_LDLdirect/0.75_40000_5e-6/"
[1] "~/bsu_scratch/LDL_Project_Data/Random_Forest/rs12916_rs17238484_rs5909_rs2303152_rs10066707_rs2006760_LDLdirect/0.75_10000_1e-5/"
[1] "~/bsu_scratch/LDL_Project_Data/Random_Forest/rs12916_rs17238484_rs5909_rs2303152_rs10066707_rs2006760_LDLdirect/0.75_20000_1e-5/"
[1] "~/bsu_scratch/LDL_Project_Data/Random_Forest/rs12916_rs17238484_rs5909_rs2303152_rs10066707_rs2006760_LDLdirect/0.75_30000_1e-5/"
[1] "~/bsu_scratch/LDL_Project_Data/Random_Forest/rs12916_rs17238484_rs5909_rs2303152_rs10066707_rs2006760_LDLdirect/0.75_40000_1e-5/"
[1] "~/bsu_scratch/LDL_Project_Data/Random_Forest/rs12916_rs17238484_rs5909_rs2303152_rs10066707_rs2006760_LDLdirect/0.75_10000_3e-5/"
[1] "~/bsu_scratch/LDL_Project_Data/Random_Forest/rs12916_rs17238484_rs5909_rs2303152_rs10066707_rs2006760_LDLdirect/0.75_20000_3e-5/"
[1] "~/bsu_scratch/LDL_Project_Data/Random_Forest/rs12916_rs17238484_rs5909_rs2303152_rs10066707_rs2006760_LDLdirect/0.75_30000_3e-5/"
[1] "~/bsu_scratch/LDL_Project_Data/Random_Forest/rs12916_rs17238484_rs5909_rs2303152_rs10066707_rs2006760_LDLdirect/0.75_40000_3e-5/"
[1] "~/bsu_scratch/LDL_Project_Data/Random_Forest/rs12916_rs17238484_rs5909_rs2303152_rs10066707_rs2006760_LDLdirect/0.75_10000_5e-5/"
[1] "~/bsu_scratch/LDL_Project_Data/Random_Forest/rs12916_rs17238484_rs5909_rs2303152_rs10066707_rs2006760_LDLdirect/0.75_20000_5e-5/"
[1] "~/bsu_scratch/LDL_Project_Data/Random_Forest/rs12916_rs17238484_rs5909_rs2303152_rs10066707_rs2006760_LDLdirect/0.75_30000_5e-5/"
[1] "~/bsu_scratch/LDL_Project_Data/Random_Forest/rs12916_rs17238484_rs5909_rs2303152_rs10066707_rs2006760_LDLdirect/0.75_40000_5e-5/"
[1] "Calc abs diff"
[1] "~/bsu_scratch/LDL_Project_Data/Random_Forest/rs12916_rs17238484_rs5909_rs2303152_rs10066707_rs2006760_LDLdirect/0.75_10000_5e-6/"
[1] "~/bsu_scratch/LDL_Project_Data/Random_Forest/rs12916_rs17238484_rs5909_rs2303152_rs10066707_rs2006760_LDLdirect/0.75_20000_5e-6/"
[1] "~/bsu_scratch/LDL_Project_Data/Random_Forest/rs12916_rs17238484_rs5909_rs2303152_rs10066707_rs2006760_LDLdirect/0.75_30000_5e-6/"
[1] "~/bsu_scratch/LDL_Project_Data/Random_Forest/rs12916_rs17238484_rs5909_rs2303152_rs10066707_rs2006760_LDLdirect/0.75_40000_5e-6/"
[1] "~/bsu_scratch/LDL_Project_Data/Random_Forest/rs12916_rs17238484_rs5909_rs2303152_rs10066707_rs2006760_LDLdirect/0.75_10000_1e-5/"
[1] "~/bsu_scratch/LDL_Project_Data/Random_Forest/rs12916_rs17238484_rs5909_rs2303152_rs10066707_rs2006760_LDLdirect/0.75_20000_1e-5/"
[1] "~/bsu_scratch/LDL_Project_Data/Random_Forest/rs12916_rs17238484_rs5909_rs2303152_rs10066707_rs2006760_LDLdirect/0.75_30000_1e-5/"
[1] "~/bsu_scratch/LDL_Project_Data/Random_Forest/rs12916_rs17238484_rs5909_rs2303152_rs10066707_rs2006760_LDLdirect/0.75_40000_1e-5/"
[1] "~/bsu_scratch/LDL_Project_Data/Random_Forest/rs12916_rs17238484_rs5909_rs2303152_rs10066707_rs2006760_LDLdirect/0.75_10000_3e-5/"
[1] "~/bsu_scratch/LDL_Project_Data/Random_Forest/rs12916_rs17238484_rs5909_rs2303152_rs10066707_rs2006760_LDLdirect/0.75_20000_3e-5/"
[1] "~/bsu_scratch/LDL_Project_Data/Random_Forest/rs12916_rs17238484_rs5909_rs2303152_rs10066707_rs2006760_LDLdirect/0.75_30000_3e-5/"
[1] "~/bsu_scratch/LDL_Project_Data/Random_Forest/rs12916_rs17238484_rs5909_rs2303152_rs10066707_rs2006760_LDLdirect/0.75_40000_3e-5/"
[1] "~/bsu_scratch/LDL_Project_Data/Random_Forest/rs12916_rs17238484_rs5909_rs2303152_rs10066707_rs2006760_LDLdirect/0.75_30000_5e-5/"
[1] "~/bsu_scratch/LDL_Project_Data/Random_Forest/rs12916_rs17238484_rs5909_rs2303152_rs10066707_rs2006760_LDLdirect/0.75_40000_5e-5/"
[1] "~/bsu_scratch/LDL_Project_Data/Random_Forest/rs12916_rs17238484_rs5909_rs2303152_rs10066707_rs2006760_LDLdirect/0.75_20000_5e-5/"
[1] "~/bsu_scratch/LDL_Project_Data/Random_Forest/rs12916_rs17238484_rs5909_rs2303152_rs10066707_rs2006760_LDLdirect/0.75_10000_5e-5/"
[1] "Calc rel diff"
[1] "~/bsu_scratch/LDL_Project_Data/Random_Forest/rs12916_rs17238484_rs5909_rs2303152_rs10066707_rs2006760_LDLdirect/0.75_10000_5e-6/"
[1] "~/bsu_scratch/LDL_Project_Data/Random_Forest/rs12916_rs17238484_rs5909_rs2303152_rs10066707_rs2006760_LDLdirect/0.75_20000_5e-6/"
[1] "~/bsu_scratch/LDL_Project_Data/Random_Forest/rs12916_rs17238484_rs5909_rs2303152_rs10066707_rs2006760_LDLdirect/0.75_30000_5e-6/"
[1] "~/bsu_scratch/LDL_Project_Data/Random_Forest/rs12916_rs17238484_rs5909_rs2303152_rs10066707_rs2006760_LDLdirect/0.75_40000_5e-6/"
[1] "~/bsu_scratch/LDL_Project_Data/Random_Forest/rs12916_rs17238484_rs5909_rs2303152_rs10066707_rs2006760_LDLdirect/0.75_10000_1e-5/"
[1] "~/bsu_scratch/LDL_Project_Data/Random_Forest/rs12916_rs17238484_rs5909_rs2303152_rs10066707_rs2006760_LDLdirect/0.75_20000_1e-5/"
[1] "~/bsu_scratch/LDL_Project_Data/Random_Forest/rs12916_rs17238484_rs5909_rs2303152_rs10066707_rs2006760_LDLdirect/0.75_30000_1e-5/"
[1] "~/bsu_scratch/LDL_Project_Data/Random_Forest/rs12916_rs17238484_rs5909_rs2303152_rs10066707_rs2006760_LDLdirect/0.75_40000_1e-5/"
[1] "~/bsu_scratch/LDL_Project_Data/Random_Forest/rs12916_rs17238484_rs5909_rs2303152_rs10066707_rs2006760_LDLdirect/0.75_10000_3e-5/"
[1] "~/bsu_scratch/LDL_Project_Data/Random_Forest/rs12916_rs17238484_rs5909_rs2303152_rs10066707_rs2006760_LDLdirect/0.75_20000_3e-5/"
[1] "~/bsu_scratch/LDL_Project_Data/Random_Forest/rs12916_rs17238484_rs5909_rs2303152_rs10066707_rs2006760_LDLdirect/0.75_30000_3e-5/"
[1] "~/bsu_scratch/LDL_Project_Data/Random_Forest/rs12916_rs17238484_rs5909_rs2303152_rs10066707_rs2006760_LDLdirect/0.75_40000_3e-5/"
[1] "~/bsu_scratch/LDL_Project_Data/Random_Forest/rs12916_rs17238484_rs5909_rs2303152_rs10066707_rs2006760_LDLdirect/0.75_30000_5e-5/"
[1] "~/bsu_scratch/LDL_Project_Data/Random_Forest/rs12916_rs17238484_rs5909_rs2303152_rs10066707_rs2006760_LDLdirect/0.75_40000_5e-5/"
[1] "~/bsu_scratch/LDL_Project_Data/Random_Forest/rs12916_rs17238484_rs5909_rs2303152_rs10066707_rs2006760_LDLdirect/0.75_20000_5e-5/"
[1] "~/bsu_scratch/LDL_Project_Data/Random_Forest/rs12916_rs17238484_rs5909_rs2303152_rs10066707_rs2006760_LDLdirect/0.75_10000_5e-5/"
[1] "Calc rel pop diff"
[1] "~/bsu_scratch/LDL_Project_Data/Random_Forest/rs12916_rs17238484_rs5909_rs2303152_rs10066707_rs2006760_LDLdirect/0.75_10000_5e-6/"
[1] "~/bsu_scratch/LDL_Project_Data/Random_Forest/rs12916_rs17238484_rs5909_rs2303152_rs10066707_rs2006760_LDLdirect/0.75_20000_5e-6/"
[1] "~/bsu_scratch/LDL_Project_Data/Random_Forest/rs12916_rs17238484_rs5909_rs2303152_rs10066707_rs2006760_LDLdirect/0.75_30000_5e-6/"
[1] "~/bsu_scratch/LDL_Project_Data/Random_Forest/rs12916_rs17238484_rs5909_rs2303152_rs10066707_rs2006760_LDLdirect/0.75_40000_5e-6/"
[1] "~/bsu_scratch/LDL_Project_Data/Random_Forest/rs12916_rs17238484_rs5909_rs2303152_rs10066707_rs2006760_LDLdirect/0.75_10000_1e-5/"
[1] "~/bsu_scratch/LDL_Project_Data/Random_Forest/rs12916_rs17238484_rs5909_rs2303152_rs10066707_rs2006760_LDLdirect/0.75_20000_1e-5/"
[1] "~/bsu_scratch/LDL_Project_Data/Random_Forest/rs12916_rs17238484_rs5909_rs2303152_rs10066707_rs2006760_LDLdirect/0.75_30000_1e-5/"
[1] "~/bsu_scratch/LDL_Project_Data/Random_Forest/rs12916_rs17238484_rs5909_rs2303152_rs10066707_rs2006760_LDLdirect/0.75_40000_1e-5/"
[1] "~/bsu_scratch/LDL_Project_Data/Random_Forest/rs12916_rs17238484_rs5909_rs2303152_rs10066707_rs2006760_LDLdirect/0.75_10000_3e-5/"
[1] "~/bsu_scratch/LDL_Project_Data/Random_Forest/rs12916_rs17238484_rs5909_rs2303152_rs10066707_rs2006760_LDLdirect/0.75_20000_3e-5/"
[1] "~/bsu_scratch/LDL_Project_Data/Random_Forest/rs12916_rs17238484_rs5909_rs2303152_rs10066707_rs2006760_LDLdirect/0.75_30000_3e-5/"
[1] "~/bsu_scratch/LDL_Project_Data/Random_Forest/rs12916_rs17238484_rs5909_rs2303152_rs10066707_rs2006760_LDLdirect/0.75_40000_3e-5/"
[1] "~/bsu_scratch/LDL_Project_Data/Random_Forest/rs12916_rs17238484_rs5909_rs2303152_rs10066707_rs2006760_LDLdirect/0.75_40000_5e-5/"
[1] "~/bsu_scratch/LDL_Project_Data/Random_Forest/rs12916_rs17238484_rs5909_rs2303152_rs10066707_rs2006760_LDLdirect/0.75_30000_5e-5/"
[1] "~/bsu_scratch/LDL_Project_Data/Random_Forest/rs12916_rs17238484_rs5909_rs2303152_rs10066707_rs2006760_LDLdirect/0.75_20000_5e-5/"
[1] "~/bsu_scratch/LDL_Project_Data/Random_Forest/rs12916_rs17238484_rs5909_rs2303152_rs10066707_rs2006760_LDLdirect/0.75_10000_5e-5/"
