Changed directory to /home/zmx21/MRC_BSU_Internship_LDL/Plots.

JobID: 17418960
======
Time: Mon Dec  2 13:43:09 GMT 2019
Running on master node: cpu-e-622
Current directory: /home/zmx21/MRC_BSU_Internship_LDL/Plots
perl: warning: Setting locale failed.
perl: warning: Please check that your locale settings:
	LANGUAGE = (unset),
	LC_ALL = (unset),
	LC_CTYPE = "UTF-8",
	LANG = "en_GB.UTF-8"
    are supported and installed on your system.
perl: warning: Falling back to the standard locale ("C").

Nodes allocated:
================
cpu-e-622

numtasks=10, numnodes=1, mpi_tasks_per_node=10 (OMP_NUM_THREADS=1)

Executing command:
==================


During startup - Warning message:
Setting LC_CTYPE failed, using "C" 
Loading required package: parallel
Loading required package: future
[1] "~/bsu_scratch/LDL_Project_Data_Aug2019/Random_Forest_Old/rs12916_rs17238484_rs5909_rs2303152_rs10066707_rs2006760_LDLdirect/0.75_10000_7.5e-6_5e-2/"
[1] "~/bsu_scratch/LDL_Project_Data_Aug2019/Random_Forest_Old/rs12916_rs17238484_rs5909_rs2303152_rs10066707_rs2006760_LDLdirect/0.75_20000_7.5e-6_5e-2/"
[1] "~/bsu_scratch/LDL_Project_Data_Aug2019/Random_Forest_Old/rs12916_rs17238484_rs5909_rs2303152_rs10066707_rs2006760_LDLdirect/0.75_30000_7.5e-6_5e-2/"
[1] "~/bsu_scratch/LDL_Project_Data_Aug2019/Random_Forest_Old/rs12916_rs17238484_rs5909_rs2303152_rs10066707_rs2006760_LDLdirect/0.75_40000_7.5e-6_5e-2/"
[1] "~/bsu_scratch/LDL_Project_Data_Aug2019/Random_Forest_Old/rs12916_rs17238484_rs5909_rs2303152_rs10066707_rs2006760_LDLdirect/0.75_10000_7.25e-6_5e-2/"
[1] "~/bsu_scratch/LDL_Project_Data_Aug2019/Random_Forest_Old/rs12916_rs17238484_rs5909_rs2303152_rs10066707_rs2006760_LDLdirect/0.75_20000_7.25e-6_5e-2/"
[1] "~/bsu_scratch/LDL_Project_Data_Aug2019/Random_Forest_Old/rs12916_rs17238484_rs5909_rs2303152_rs10066707_rs2006760_LDLdirect/0.75_30000_7.25e-6_5e-2/"
[1] "~/bsu_scratch/LDL_Project_Data_Aug2019/Random_Forest_Old/rs12916_rs17238484_rs5909_rs2303152_rs10066707_rs2006760_LDLdirect/0.75_40000_7.25e-6_5e-2/"
[1] "~/bsu_scratch/LDL_Project_Data_Aug2019/Random_Forest_Old/rs12916_rs17238484_rs5909_rs2303152_rs10066707_rs2006760_LDLdirect/0.75_10000_6.75e-6_5e-2/"
[1] "~/bsu_scratch/LDL_Project_Data_Aug2019/Random_Forest_Old/rs12916_rs17238484_rs5909_rs2303152_rs10066707_rs2006760_LDLdirect/0.75_20000_6.75e-6_5e-2/"
[1] "~/bsu_scratch/LDL_Project_Data_Aug2019/Random_Forest_Old/rs12916_rs17238484_rs5909_rs2303152_rs10066707_rs2006760_LDLdirect/0.75_30000_6.75e-6_5e-2/"
[1] "~/bsu_scratch/LDL_Project_Data_Aug2019/Random_Forest_Old/rs12916_rs17238484_rs5909_rs2303152_rs10066707_rs2006760_LDLdirect/0.75_40000_6.75e-6_5e-2/"
[1] "~/bsu_scratch/LDL_Project_Data_Aug2019/Random_Forest_Old/rs12916_rs17238484_rs5909_rs2303152_rs10066707_rs2006760_LDLdirect/0.75_10000_6.5e-6_5e-2/"
[1] "~/bsu_scratch/LDL_Project_Data_Aug2019/Random_Forest_Old/rs12916_rs17238484_rs5909_rs2303152_rs10066707_rs2006760_LDLdirect/0.75_20000_6.5e-6_5e-2/"
[1] "~/bsu_scratch/LDL_Project_Data_Aug2019/Random_Forest_Old/rs12916_rs17238484_rs5909_rs2303152_rs10066707_rs2006760_LDLdirect/0.75_30000_6.5e-6_5e-2/"
[1] "~/bsu_scratch/LDL_Project_Data_Aug2019/Random_Forest_Old/rs12916_rs17238484_rs5909_rs2303152_rs10066707_rs2006760_LDLdirect/0.75_40000_6.5e-6_5e-2/"
[1] "~/bsu_scratch/LDL_Project_Data_Aug2019/Random_Forest_Old/rs12916_rs17238484_rs5909_rs2303152_rs10066707_rs2006760_LDLdirect/0.75_10000_6e-6_5e-2/"
[1] "~/bsu_scratch/LDL_Project_Data_Aug2019/Random_Forest_Old/rs12916_rs17238484_rs5909_rs2303152_rs10066707_rs2006760_LDLdirect/0.75_20000_6e-6_5e-2/"
[1] "~/bsu_scratch/LDL_Project_Data_Aug2019/Random_Forest_Old/rs12916_rs17238484_rs5909_rs2303152_rs10066707_rs2006760_LDLdirect/0.75_30000_6e-6_5e-2/"
[1] "~/bsu_scratch/LDL_Project_Data_Aug2019/Random_Forest_Old/rs12916_rs17238484_rs5909_rs2303152_rs10066707_rs2006760_LDLdirect/0.75_40000_6e-6_5e-2/"
[1] "~/bsu_scratch/LDL_Project_Data_Aug2019/Random_Forest_Old/rs12916_rs17238484_rs5909_rs2303152_rs10066707_rs2006760_LDLdirect/0.75_5000_9e-6_5e-2/"
[1] "~/bsu_scratch/LDL_Project_Data_Aug2019/Random_Forest_Old/rs12916_rs17238484_rs5909_rs2303152_rs10066707_rs2006760_LDLdirect/0.75_10000_9e-6_5e-2/"
[1] "~/bsu_scratch/LDL_Project_Data_Aug2019/Random_Forest_Old/rs12916_rs17238484_rs5909_rs2303152_rs10066707_rs2006760_LDLdirect/0.75_20000_9e-6_5e-2/"
[1] "~/bsu_scratch/LDL_Project_Data_Aug2019/Random_Forest_Old/rs12916_rs17238484_rs5909_rs2303152_rs10066707_rs2006760_LDLdirect/0.75_30000_9e-6_5e-2/"
[1] "~/bsu_scratch/LDL_Project_Data_Aug2019/Random_Forest_Old/rs12916_rs17238484_rs5909_rs2303152_rs10066707_rs2006760_LDLdirect/0.75_40000_9e-6_5e-2/"
[1] "~/bsu_scratch/LDL_Project_Data_Aug2019/Random_Forest_Old/rs12916_rs17238484_rs5909_rs2303152_rs10066707_rs2006760_LDLdirect/0.75_5000_7e-6_5e-2/"
[1] "~/bsu_scratch/LDL_Project_Data_Aug2019/Random_Forest_Old/rs12916_rs17238484_rs5909_rs2303152_rs10066707_rs2006760_LDLdirect/0.75_10000_7e-6_5e-2/"
[1] "~/bsu_scratch/LDL_Project_Data_Aug2019/Random_Forest_Old/rs12916_rs17238484_rs5909_rs2303152_rs10066707_rs2006760_LDLdirect/0.75_20000_7e-6_5e-2/"
[1] "~/bsu_scratch/LDL_Project_Data_Aug2019/Random_Forest_Old/rs12916_rs17238484_rs5909_rs2303152_rs10066707_rs2006760_LDLdirect/0.75_30000_7e-6_5e-2/"
[1] "~/bsu_scratch/LDL_Project_Data_Aug2019/Random_Forest_Old/rs12916_rs17238484_rs5909_rs2303152_rs10066707_rs2006760_LDLdirect/0.75_40000_7e-6_5e-2/"
[1] "~/bsu_scratch/LDL_Project_Data_Aug2019/Random_Forest_Old/rs12916_rs17238484_rs5909_rs2303152_rs10066707_rs2006760_LDLdirect/0.75_5000_5e-6_5e-2/"
[1] "~/bsu_scratch/LDL_Project_Data_Aug2019/Random_Forest_Old/rs12916_rs17238484_rs5909_rs2303152_rs10066707_rs2006760_LDLdirect/0.75_10000_5e-6_5e-2/"
[1] "~/bsu_scratch/LDL_Project_Data_Aug2019/Random_Forest_Old/rs12916_rs17238484_rs5909_rs2303152_rs10066707_rs2006760_LDLdirect/0.75_20000_5e-6_5e-2/"
[1] "~/bsu_scratch/LDL_Project_Data_Aug2019/Random_Forest_Old/rs12916_rs17238484_rs5909_rs2303152_rs10066707_rs2006760_LDLdirect/0.75_30000_5e-6_5e-2/"
[1] "~/bsu_scratch/LDL_Project_Data_Aug2019/Random_Forest_Old/rs12916_rs17238484_rs5909_rs2303152_rs10066707_rs2006760_LDLdirect/0.75_40000_5e-6_5e-2/"
[1] "~/bsu_scratch/LDL_Project_Data_Aug2019/Random_Forest_Old/rs12916_rs17238484_rs5909_rs2303152_rs10066707_rs2006760_LDLdirect/0.75_5000_3e-6_5e-2/"
[1] "~/bsu_scratch/LDL_Project_Data_Aug2019/Random_Forest_Old/rs12916_rs17238484_rs5909_rs2303152_rs10066707_rs2006760_LDLdirect/0.75_10000_3e-6_5e-2/"
[1] "~/bsu_scratch/LDL_Project_Data_Aug2019/Random_Forest_Old/rs12916_rs17238484_rs5909_rs2303152_rs10066707_rs2006760_LDLdirect/0.75_20000_3e-6_5e-2/"
[1] "~/bsu_scratch/LDL_Project_Data_Aug2019/Random_Forest_Old/rs12916_rs17238484_rs5909_rs2303152_rs10066707_rs2006760_LDLdirect/0.75_30000_3e-6_5e-2/"
[1] "~/bsu_scratch/LDL_Project_Data_Aug2019/Random_Forest_Old/rs12916_rs17238484_rs5909_rs2303152_rs10066707_rs2006760_LDLdirect/0.75_40000_3e-6_5e-2/"
[1] "~/bsu_scratch/LDL_Project_Data_Aug2019/Random_Forest_Old/rs12916_rs17238484_rs5909_rs2303152_rs10066707_rs2006760_LDLdirect/0.75_5000_9e-5_5e-2/"
[1] "~/bsu_scratch/LDL_Project_Data_Aug2019/Random_Forest_Old/rs12916_rs17238484_rs5909_rs2303152_rs10066707_rs2006760_LDLdirect/0.75_10000_9e-5_5e-2/"
[1] "~/bsu_scratch/LDL_Project_Data_Aug2019/Random_Forest_Old/rs12916_rs17238484_rs5909_rs2303152_rs10066707_rs2006760_LDLdirect/0.75_20000_9e-5_5e-2/"
[1] "~/bsu_scratch/LDL_Project_Data_Aug2019/Random_Forest_Old/rs12916_rs17238484_rs5909_rs2303152_rs10066707_rs2006760_LDLdirect/0.75_30000_9e-5_5e-2/"
[1] "~/bsu_scratch/LDL_Project_Data_Aug2019/Random_Forest_Old/rs12916_rs17238484_rs5909_rs2303152_rs10066707_rs2006760_LDLdirect/0.75_40000_9e-5_5e-2/"
[1] "~/bsu_scratch/LDL_Project_Data_Aug2019/Random_Forest_Old/rs12916_rs17238484_rs5909_rs2303152_rs10066707_rs2006760_LDLdirect/0.75_5000_7e-5_5e-2/"
[1] "~/bsu_scratch/LDL_Project_Data_Aug2019/Random_Forest_Old/rs12916_rs17238484_rs5909_rs2303152_rs10066707_rs2006760_LDLdirect/0.75_10000_7e-5_5e-2/"
[1] "~/bsu_scratch/LDL_Project_Data_Aug2019/Random_Forest_Old/rs12916_rs17238484_rs5909_rs2303152_rs10066707_rs2006760_LDLdirect/0.75_20000_7e-5_5e-2/"
[1] "~/bsu_scratch/LDL_Project_Data_Aug2019/Random_Forest_Old/rs12916_rs17238484_rs5909_rs2303152_rs10066707_rs2006760_LDLdirect/0.75_30000_7e-5_5e-2/"
[1] "~/bsu_scratch/LDL_Project_Data_Aug2019/Random_Forest_Old/rs12916_rs17238484_rs5909_rs2303152_rs10066707_rs2006760_LDLdirect/0.75_40000_7e-5_5e-2/"
[1] "~/bsu_scratch/LDL_Project_Data_Aug2019/Random_Forest_Old/rs12916_rs17238484_rs5909_rs2303152_rs10066707_rs2006760_LDLdirect/0.75_5000_5e-5_5e-2/"
[1] "~/bsu_scratch/LDL_Project_Data_Aug2019/Random_Forest_Old/rs12916_rs17238484_rs5909_rs2303152_rs10066707_rs2006760_LDLdirect/0.75_10000_5e-5_5e-2/"
[1] "~/bsu_scratch/LDL_Project_Data_Aug2019/Random_Forest_Old/rs12916_rs17238484_rs5909_rs2303152_rs10066707_rs2006760_LDLdirect/0.75_20000_5e-5_5e-2/"
[1] "~/bsu_scratch/LDL_Project_Data_Aug2019/Random_Forest_Old/rs12916_rs17238484_rs5909_rs2303152_rs10066707_rs2006760_LDLdirect/0.75_30000_5e-5_5e-2/"
[1] "~/bsu_scratch/LDL_Project_Data_Aug2019/Random_Forest_Old/rs12916_rs17238484_rs5909_rs2303152_rs10066707_rs2006760_LDLdirect/0.75_40000_5e-5_5e-2/"
[1] "~/bsu_scratch/LDL_Project_Data_Aug2019/Random_Forest_Old/rs12916_rs17238484_rs5909_rs2303152_rs10066707_rs2006760_LDLdirect/0.75_5000_3e-5_5e-2/"
[1] "~/bsu_scratch/LDL_Project_Data_Aug2019/Random_Forest_Old/rs12916_rs17238484_rs5909_rs2303152_rs10066707_rs2006760_LDLdirect/0.75_10000_3e-5_5e-2/"
[1] "~/bsu_scratch/LDL_Project_Data_Aug2019/Random_Forest_Old/rs12916_rs17238484_rs5909_rs2303152_rs10066707_rs2006760_LDLdirect/0.75_20000_3e-5_5e-2/"
[1] "~/bsu_scratch/LDL_Project_Data_Aug2019/Random_Forest_Old/rs12916_rs17238484_rs5909_rs2303152_rs10066707_rs2006760_LDLdirect/0.75_30000_3e-5_5e-2/"
[1] "~/bsu_scratch/LDL_Project_Data_Aug2019/Random_Forest_Old/rs12916_rs17238484_rs5909_rs2303152_rs10066707_rs2006760_LDLdirect/0.75_40000_3e-5_5e-2/"
[1] "~/bsu_scratch/LDL_Project_Data_Aug2019/Random_Forest_Old/rs12916_rs17238484_rs5909_rs2303152_rs10066707_rs2006760_LDLdirect/0.75_5000_1e-5_5e-2/"
[1] "~/bsu_scratch/LDL_Project_Data_Aug2019/Random_Forest_Old/rs12916_rs17238484_rs5909_rs2303152_rs10066707_rs2006760_LDLdirect/0.75_10000_1e-5_5e-2/"
[1] "~/bsu_scratch/LDL_Project_Data_Aug2019/Random_Forest_Old/rs12916_rs17238484_rs5909_rs2303152_rs10066707_rs2006760_LDLdirect/0.75_20000_1e-5_5e-2/"
[1] "~/bsu_scratch/LDL_Project_Data_Aug2019/Random_Forest_Old/rs12916_rs17238484_rs5909_rs2303152_rs10066707_rs2006760_LDLdirect/0.75_30000_1e-5_5e-2/"
[1] "~/bsu_scratch/LDL_Project_Data_Aug2019/Random_Forest_Old/rs12916_rs17238484_rs5909_rs2303152_rs10066707_rs2006760_LDLdirect/0.75_40000_1e-5_5e-2/"
