Changed directory to /home/zmx21/MRC_BSU_Internship/Plots.

JobID: 7270780
======
Time: Sun Dec  9 07:34:11 GMT 2018
Running on master node: cpu-e-1065
Current directory: /home/zmx21/MRC_BSU_Internship/Plots

Nodes allocated:
================
cpu-e-1065

numtasks=12, numnodes=1, mpi_tasks_per_node=12 (OMP_NUM_THREADS=1)

Executing command:
==================


Loading required package: parallel
Loading required package: future
[1] "~/bsu_scratch/Random_Forest/rs3821843_rs7340705_rs113210396_rs312487_rs11719824_rs3774530_rs3821856_sbp/0.75_10000_1e-5/"
[1] 2
[1] 3
[1] 4
[1] 5
[1] 6
[1] 7
[1] 8
[1] 9
[1] 10
[1] "~/bsu_scratch/Random_Forest/rs3821843_rs7340705_rs113210396_rs312487_rs11719824_rs3774530_rs3821856_sbp/0.75_20000_1e-5/"
[1] 2
[1] 3
[1] 4
[1] 5
[1] 6
[1] 7
[1] 8
[1] 9
[1] 10
[1] "~/bsu_scratch/Random_Forest/rs3821843_rs7340705_rs113210396_rs312487_rs11719824_rs3774530_rs3821856_sbp/0.75_30000_1e-5/"
[1] 2
[1] 3
[1] 4
[1] 5
[1] 6
[1] 7
[1] 8
[1] 9
[1] 10
[1] "~/bsu_scratch/Random_Forest/rs3821843_rs7340705_rs113210396_rs312487_rs11719824_rs3774530_rs3821856_sbp/0.75_40000_1e-5/"
Error in gzfile(file, "rb") : cannot open the connection
Calls: lapply -> FUN -> CalcSDPerm -> readRDS -> gzfile
In addition: Warning message:
In gzfile(file, "rb") :
  cannot open compressed file '/home/zmx21/bsu_scratch/Random_Forest/rs3821843_rs7340705_rs113210396_rs312487_rs11719824_rs3774530_rs3821856_sbp/0.75_40000_1e-5/prediction_betas_perm/sum_beta_1_500.rds', probable reason 'No such file or directory'
Execution halted
