Changed directory to /home/zmx21/MRC_BSU_Internship_LDL/Plots.

JobID: 17755128
======
Time: Mon Dec  9 21:23:31 GMT 2019
Running on master node: cpu-e-648
Current directory: /home/zmx21/MRC_BSU_Internship_LDL/Plots
perl: warning: Setting locale failed.
perl: warning: Please check that your locale settings:
	LANGUAGE = (unset),
	LC_ALL = (unset),
	LC_CTYPE = "UTF-8",
	LANG = "en_GB.UTF-8"
    are supported and installed on your system.
perl: warning: Falling back to the standard locale ("C").

Nodes allocated:
================
cpu-e-648

numtasks=1, numnodes=1, mpi_tasks_per_node=1 (OMP_NUM_THREADS=1)

Executing command:
==================


During startup - Warning message:
Setting LC_CTYPE failed, using "C" 
Loading required package: ggplot2
Loading required package: magrittr
Warning message:
As of rlang 0.4.0, dplyr must be at least version 0.8.0.
x dplyr 0.7.6 is too old for rlang 0.4.2.
i Please update dplyr with `install.packages("dplyr")`. 
Loading required package: parallel
Loading required package: future
[1] 1
[1] 2
[1] 3
[1] 4
[1] 5
[1] 6
[1] 7
[1] 8
[1] 9
[1] 10
[1] 11
[1] 12
[1] 13
[1] 14
[1] 15
