Changed directory to /home/zmx21/MRC_BSU_Internship_LDL/Plots.

JobID: 10870902
======
Time: Mon Apr 22 13:31:33 BST 2019
Running on master node: cpu-k-17
Current directory: /home/zmx21/MRC_BSU_Internship_LDL/Plots

Nodes allocated:
================
cpu-k-17

numtasks=16, numnodes=1, mpi_tasks_per_node=16 (OMP_NUM_THREADS=1)

Executing command:
==================


Loading required package: parallel
Loading required package: future
[1] "~/bsu_scratch/LDL_Project_Data/Random_Forest/rs12916_rs17238484_rs5909_rs2303152_rs10066707_rs2006760_LDLdirect/0.75_1000_5e-6/"
[1] "~/bsu_scratch/LDL_Project_Data/Random_Forest/rs12916_rs17238484_rs5909_rs2303152_rs10066707_rs2006760_LDLdirect/0.75_5000_5e-6/"
[1] "~/bsu_scratch/LDL_Project_Data/Random_Forest/rs12916_rs17238484_rs5909_rs2303152_rs10066707_rs2006760_LDLdirect/0.75_10000_5e-6/"
[1] "~/bsu_scratch/LDL_Project_Data/Random_Forest/rs12916_rs17238484_rs5909_rs2303152_rs10066707_rs2006760_LDLdirect/0.75_20000_5e-6/"
[1] "~/bsu_scratch/LDL_Project_Data/Random_Forest/rs12916_rs17238484_rs5909_rs2303152_rs10066707_rs2006760_LDLdirect/0.75_30000_5e-6/"
[1] "~/bsu_scratch/LDL_Project_Data/Random_Forest/rs12916_rs17238484_rs5909_rs2303152_rs10066707_rs2006760_LDLdirect/0.75_40000_5e-6/"
[1] "~/bsu_scratch/LDL_Project_Data/Random_Forest/rs12916_rs17238484_rs5909_rs2303152_rs10066707_rs2006760_LDLdirect/0.75_1000_1e-5/"
[1] "~/bsu_scratch/LDL_Project_Data/Random_Forest/rs12916_rs17238484_rs5909_rs2303152_rs10066707_rs2006760_LDLdirect/0.75_5000_1e-5/"
[1] "~/bsu_scratch/LDL_Project_Data/Random_Forest/rs12916_rs17238484_rs5909_rs2303152_rs10066707_rs2006760_LDLdirect/0.75_10000_1e-5/"
[1] "~/bsu_scratch/LDL_Project_Data/Random_Forest/rs12916_rs17238484_rs5909_rs2303152_rs10066707_rs2006760_LDLdirect/0.75_20000_1e-5/"
[1] "~/bsu_scratch/LDL_Project_Data/Random_Forest/rs12916_rs17238484_rs5909_rs2303152_rs10066707_rs2006760_LDLdirect/0.75_30000_1e-5/"
[1] "~/bsu_scratch/LDL_Project_Data/Random_Forest/rs12916_rs17238484_rs5909_rs2303152_rs10066707_rs2006760_LDLdirect/0.75_40000_1e-5/"
[1] "~/bsu_scratch/LDL_Project_Data/Random_Forest/rs12916_rs17238484_rs5909_rs2303152_rs10066707_rs2006760_LDLdirect/0.75_1000_3e-5/"
[1] "~/bsu_scratch/LDL_Project_Data/Random_Forest/rs12916_rs17238484_rs5909_rs2303152_rs10066707_rs2006760_LDLdirect/0.75_5000_3e-5/"
[1] "~/bsu_scratch/LDL_Project_Data/Random_Forest/rs12916_rs17238484_rs5909_rs2303152_rs10066707_rs2006760_LDLdirect/0.75_10000_3e-5/"
[1] "~/bsu_scratch/LDL_Project_Data/Random_Forest/rs12916_rs17238484_rs5909_rs2303152_rs10066707_rs2006760_LDLdirect/0.75_20000_3e-5/"
[1] "~/bsu_scratch/LDL_Project_Data/Random_Forest/rs12916_rs17238484_rs5909_rs2303152_rs10066707_rs2006760_LDLdirect/0.75_30000_3e-5/"
