Changed directory to /home/zmx21/MRC_BSU_Internship_LDL/Plots.

JobID: 14516250
======
Time: Sat Aug 10 20:35:59 BST 2019
Running on master node: cpu-e-698
Current directory: /home/zmx21/MRC_BSU_Internship_LDL/Plots
perl: warning: Setting locale failed.
perl: warning: Please check that your locale settings:
	LANGUAGE = (unset),
	LC_ALL = (unset),
	LC_CTYPE = "UTF-8",
	LANG = "en_GB.UTF-8"
    are supported and installed on your system.
perl: warning: Falling back to the standard locale ("C").

Nodes allocated:
================
cpu-e-698

numtasks=2, numnodes=1, mpi_tasks_per_node=2 (OMP_NUM_THREADS=1)

Executing command:
==================


During startup - Warning message:
Setting LC_CTYPE failed, using "C" 
Loading required package: parallel
Loading required package: future
[1] "~/bsu_scratch/LDL_Project_Data/Random_Forest/rs12916_rs17238484_rs5909_rs2303152_rs10066707_rs2006760_LDLdirect/0.75_1000_5e-6/"
[1] "~/bsu_scratch/LDL_Project_Data/Random_Forest/rs12916_rs17238484_rs5909_rs2303152_rs10066707_rs2006760_LDLdirect/0.75_5000_5e-6/"
[1] "~/bsu_scratch/LDL_Project_Data/Random_Forest/rs12916_rs17238484_rs5909_rs2303152_rs10066707_rs2006760_LDLdirect/0.75_10000_5e-6/"
[1] "~/bsu_scratch/LDL_Project_Data/Random_Forest/rs12916_rs17238484_rs5909_rs2303152_rs10066707_rs2006760_LDLdirect/0.75_20000_5e-6/"
[1] "~/bsu_scratch/LDL_Project_Data/Random_Forest/rs12916_rs17238484_rs5909_rs2303152_rs10066707_rs2006760_LDLdirect/0.75_30000_5e-6/"
[1] "~/bsu_scratch/LDL_Project_Data/Random_Forest/rs12916_rs17238484_rs5909_rs2303152_rs10066707_rs2006760_LDLdirect/0.75_40000_5e-6/"
[1] "~/bsu_scratch/LDL_Project_Data/Random_Forest/rs12916_rs17238484_rs5909_rs2303152_rs10066707_rs2006760_LDLdirect/0.75_1000_1e-5/"
[1] "~/bsu_scratch/LDL_Project_Data/Random_Forest/rs12916_rs17238484_rs5909_rs2303152_rs10066707_rs2006760_LDLdirect/0.75_5000_1e-5/"
[1] "~/bsu_scratch/LDL_Project_Data/Random_Forest/rs12916_rs17238484_rs5909_rs2303152_rs10066707_rs2006760_LDLdirect/0.75_10000_1e-5/"
[1] "~/bsu_scratch/LDL_Project_Data/Random_Forest/rs12916_rs17238484_rs5909_rs2303152_rs10066707_rs2006760_LDLdirect/0.75_20000_1e-5/"
[1] "~/bsu_scratch/LDL_Project_Data/Random_Forest/rs12916_rs17238484_rs5909_rs2303152_rs10066707_rs2006760_LDLdirect/0.75_30000_1e-5/"
[1] "~/bsu_scratch/LDL_Project_Data/Random_Forest/rs12916_rs17238484_rs5909_rs2303152_rs10066707_rs2006760_LDLdirect/0.75_40000_1e-5/"
[1] "~/bsu_scratch/LDL_Project_Data/Random_Forest/rs12916_rs17238484_rs5909_rs2303152_rs10066707_rs2006760_LDLdirect/0.75_1000_3e-5/"
[1] "~/bsu_scratch/LDL_Project_Data/Random_Forest/rs12916_rs17238484_rs5909_rs2303152_rs10066707_rs2006760_LDLdirect/0.75_5000_3e-5/"
[1] "~/bsu_scratch/LDL_Project_Data/Random_Forest/rs12916_rs17238484_rs5909_rs2303152_rs10066707_rs2006760_LDLdirect/0.75_10000_3e-5/"
[1] "~/bsu_scratch/LDL_Project_Data/Random_Forest/rs12916_rs17238484_rs5909_rs2303152_rs10066707_rs2006760_LDLdirect/0.75_20000_3e-5/"
[1] "~/bsu_scratch/LDL_Project_Data/Random_Forest/rs12916_rs17238484_rs5909_rs2303152_rs10066707_rs2006760_LDLdirect/0.75_30000_3e-5/"
[1] "~/bsu_scratch/LDL_Project_Data/Random_Forest/rs12916_rs17238484_rs5909_rs2303152_rs10066707_rs2006760_LDLdirect/0.75_40000_3e-5/"
[1] "~/bsu_scratch/LDL_Project_Data/Random_Forest/rs12916_rs17238484_rs5909_rs2303152_rs10066707_rs2006760_LDLdirect/0.75_1000_5e-5/"
[1] "~/bsu_scratch/LDL_Project_Data/Random_Forest/rs12916_rs17238484_rs5909_rs2303152_rs10066707_rs2006760_LDLdirect/0.75_5000_5e-5/"
[1] "~/bsu_scratch/LDL_Project_Data/Random_Forest/rs12916_rs17238484_rs5909_rs2303152_rs10066707_rs2006760_LDLdirect/0.75_10000_5e-5/"
[1] "~/bsu_scratch/LDL_Project_Data/Random_Forest/rs12916_rs17238484_rs5909_rs2303152_rs10066707_rs2006760_LDLdirect/0.75_20000_5e-5/"
[1] "~/bsu_scratch/LDL_Project_Data/Random_Forest/rs12916_rs17238484_rs5909_rs2303152_rs10066707_rs2006760_LDLdirect/0.75_30000_5e-5/"
[1] "~/bsu_scratch/LDL_Project_Data/Random_Forest/rs12916_rs17238484_rs5909_rs2303152_rs10066707_rs2006760_LDLdirect/0.75_40000_5e-5/"
[1] "~/bsu_scratch/LDL_Project_Data/Random_Forest/rs12916_rs17238484_rs5909_rs2303152_rs10066707_rs2006760_LDLdirect/0.75_1000_7e-5/"
[1] "~/bsu_scratch/LDL_Project_Data/Random_Forest/rs12916_rs17238484_rs5909_rs2303152_rs10066707_rs2006760_LDLdirect/0.75_5000_7e-5/"
[1] "~/bsu_scratch/LDL_Project_Data/Random_Forest/rs12916_rs17238484_rs5909_rs2303152_rs10066707_rs2006760_LDLdirect/0.75_10000_7e-5/"
[1] "~/bsu_scratch/LDL_Project_Data/Random_Forest/rs12916_rs17238484_rs5909_rs2303152_rs10066707_rs2006760_LDLdirect/0.75_20000_7e-5/"
[1] "~/bsu_scratch/LDL_Project_Data/Random_Forest/rs12916_rs17238484_rs5909_rs2303152_rs10066707_rs2006760_LDLdirect/0.75_30000_7e-5/"
[1] "~/bsu_scratch/LDL_Project_Data/Random_Forest/rs12916_rs17238484_rs5909_rs2303152_rs10066707_rs2006760_LDLdirect/0.75_40000_7e-5/"
[1] "~/bsu_scratch/LDL_Project_Data/Random_Forest/rs12916_rs17238484_rs5909_rs2303152_rs10066707_rs2006760_LDLdirect/0.75_1000_1e-4/"
[1] "~/bsu_scratch/LDL_Project_Data/Random_Forest/rs12916_rs17238484_rs5909_rs2303152_rs10066707_rs2006760_LDLdirect/0.75_5000_1e-4/"
[1] "~/bsu_scratch/LDL_Project_Data/Random_Forest/rs12916_rs17238484_rs5909_rs2303152_rs10066707_rs2006760_LDLdirect/0.75_10000_1e-4/"
[1] "~/bsu_scratch/LDL_Project_Data/Random_Forest/rs12916_rs17238484_rs5909_rs2303152_rs10066707_rs2006760_LDLdirect/0.75_20000_1e-4/"
[1] "~/bsu_scratch/LDL_Project_Data/Random_Forest/rs12916_rs17238484_rs5909_rs2303152_rs10066707_rs2006760_LDLdirect/0.75_30000_1e-4/"
[1] "~/bsu_scratch/LDL_Project_Data/Random_Forest/rs12916_rs17238484_rs5909_rs2303152_rs10066707_rs2006760_LDLdirect/0.75_40000_1e-4/"
