Changed directory to /home/zmx21/MRC_BSU_Internship_LDL/Plots.

JobID: 10381041
======
Time: Sat Mar 30 00:41:56 GMT 2019
Running on master node: gpu-k-19
Current directory: /home/zmx21/MRC_BSU_Internship_LDL/Plots

Nodes allocated:
================
gpu-k-19

numtasks=12, numnodes=1, mpi_tasks_per_node=12 (OMP_NUM_THREADS=1)

Executing command:
==================



Attaching package: ‘dplyr’

The following objects are masked from ‘package:stats’:

    filter, lag

The following objects are masked from ‘package:base’:

    intersect, setdiff, setequal, union


Attaching package: ‘dbplyr’

The following objects are masked from ‘package:dplyr’:

    ident, sql

Loading required package: methods
Loading required package: parallel
Loading required package: future
[1] "Finding SNPs"
[1] "Getting Gene Pos"
[1] "Getting Flanking SNPs"
[1] "Loading Phenotypes"
[1] "Calculating Fit"
