Changed directory to /home/zmx21/MRC_BSU_Internship/Plots.

JobID: 7270816
======
Time: Sun Dec  9 07:49:37 GMT 2018
Running on master node: cpu-e-914
Current directory: /home/zmx21/MRC_BSU_Internship/Plots

Nodes allocated:
================
cpu-e-914

numtasks=12, numnodes=1, mpi_tasks_per_node=12 (OMP_NUM_THREADS=1)

Executing command:
==================


Loading required package: parallel
Loading required package: future
[1] "~/bsu_scratch/Random_Forest/rs3821843_rs7340705_rs113210396_rs312487_rs11719824_rs3774530_rs3821856_sbp/0.75_10000_1e-5/"
[1] "~/bsu_scratch/Random_Forest/rs3821843_rs7340705_rs113210396_rs312487_rs11719824_rs3774530_rs3821856_sbp/0.75_20000_1e-5/"
[1] "~/bsu_scratch/Random_Forest/rs3821843_rs7340705_rs113210396_rs312487_rs11719824_rs3774530_rs3821856_sbp/0.75_30000_1e-5/"
[1] "~/bsu_scratch/Random_Forest/rs3821843_rs7340705_rs113210396_rs312487_rs11719824_rs3774530_rs3821856_sbp/0.75_40000_1e-5/"
[1] "~/bsu_scratch/Random_Forest/rs3821843_rs7340705_rs113210396_rs312487_rs11719824_rs3774530_rs3821856_sbp/0.75_10000_2e-5/"
[1] "~/bsu_scratch/Random_Forest/rs3821843_rs7340705_rs113210396_rs312487_rs11719824_rs3774530_rs3821856_sbp/0.75_20000_2e-5/"
[1] "~/bsu_scratch/Random_Forest/rs3821843_rs7340705_rs113210396_rs312487_rs11719824_rs3774530_rs3821856_sbp/0.75_30000_2e-5/"
[1] "~/bsu_scratch/Random_Forest/rs3821843_rs7340705_rs113210396_rs312487_rs11719824_rs3774530_rs3821856_sbp/0.75_40000_2e-5/"
[1] "~/bsu_scratch/Random_Forest/rs3821843_rs7340705_rs113210396_rs312487_rs11719824_rs3774530_rs3821856_sbp/0.75_10000_3e-5/"
[1] "~/bsu_scratch/Random_Forest/rs3821843_rs7340705_rs113210396_rs312487_rs11719824_rs3774530_rs3821856_sbp/0.75_20000_3e-5/"
[1] "~/bsu_scratch/Random_Forest/rs3821843_rs7340705_rs113210396_rs312487_rs11719824_rs3774530_rs3821856_sbp/0.75_30000_3e-5/"
[1] "~/bsu_scratch/Random_Forest/rs3821843_rs7340705_rs113210396_rs312487_rs11719824_rs3774530_rs3821856_sbp/0.75_40000_3e-5/"
[1] "~/bsu_scratch/Random_Forest/rs3821843_rs7340705_rs113210396_rs312487_rs11719824_rs3774530_rs3821856_sbp/0.75_10000_4e-5/"
[1] "~/bsu_scratch/Random_Forest/rs3821843_rs7340705_rs113210396_rs312487_rs11719824_rs3774530_rs3821856_sbp/0.75_20000_4e-5/"
[1] "~/bsu_scratch/Random_Forest/rs3821843_rs7340705_rs113210396_rs312487_rs11719824_rs3774530_rs3821856_sbp/0.75_30000_4e-5/"
[1] "~/bsu_scratch/Random_Forest/rs3821843_rs7340705_rs113210396_rs312487_rs11719824_rs3774530_rs3821856_sbp/0.75_40000_4e-5/"
