Changed directory to /home/zmx21/MRC_BSU_Internship_LDL/Gene_Phenotype_Association.

JobID: 10351447
======
Time: Fri Mar 29 04:38:56 GMT 2019
Running on master node: cpu-k-8
Current directory: /home/zmx21/MRC_BSU_Internship_LDL/Gene_Phenotype_Association

Nodes allocated:
================
cpu-k-8

numtasks=16, numnodes=1, mpi_tasks_per_node=16 (OMP_NUM_THREADS=1)

Executing command:
==================



Attaching package: ‘dplyr’

The following objects are masked from ‘package:stats’:

    filter, lag

The following objects are masked from ‘package:base’:

    intersect, setdiff, setequal, union

Loading required package: methods

Attaching package: ‘dbplyr’

The following objects are masked from ‘package:dplyr’:

    ident, sql

Loading required package: parallel
Loading required package: future
[1] "Finding SNPs"
[1] "Getting Gene Pos"
[1] "Getting Flanking SNPs"
[1] "Loading Phenotypes"
[1] "Calculating Fit"
[1] "Finding LD"
[1] "Getting Gene Pos"
[1] "Getting Flanking SNPs"
[1] "Loading Phenotypes"
[1] "Calculating Fit"
[1] "Loading Phenotypes"
[1] "Calculating Fit"
[1] "Getting Gene Pos"
[1] "Getting Flanking SNPs"
