Changed directory to /home/zmx21/MRC_BSU_Internship/Target_Gene_Interactions.

JobID: 5958036
======
Time: Fri Oct 19 12:45:11 BST 2018
Running on master node: cpu-k-3
Current directory: /home/zmx21/MRC_BSU_Internship/Target_Gene_Interactions

Nodes allocated:
================
cpu-k-3

numtasks=15, numnodes=1, mpi_tasks_per_node=15 (OMP_NUM_THREADS=1)

Executing command:
==================


[1] "All Arguments Supplied"
[1] "# 1: Input Path:   ~/bsu_scratch/UKB_Data/"
[1] "# 2: Sample File Prefix:   ukbb_metadata_with_PC"
[1] "# 3: Bgen File Prefix:   ukb_imp_chr#_HRConly"
[1] "# 4: Chromosome to Analyze:   5"
[1] "# 5: Phenotype Identifier (column name in phenotype file):   dbp"
[1] "# 6: rsid of Target SNP:   rs2462776,rs62155523"
[1] "# 7: Suffix of output directory:   fullcorrection"
[1] "# 8: EUR only:   1"
[1] "# 9: Covariates (seperated by comma):   sex,ages,bmi"
[1] "# 10: Number of PC to include   5"
[1] "# 11: Medication: (add 10 to bp for those taking med)   1"
[1] "# 12: MAF cutoff   0.05"
[1] "# 13: Info cutoff   0.5"
[1] "# 14: Number of Cores:   15"
[1] "# 15: Chunks:   1757,1759"

Attaching package: ‘dplyr’

The following objects are masked from ‘package:stats’:

    filter, lag

The following objects are masked from ‘package:base’:

    intersect, setdiff, setequal, union


Attaching package: ‘data.table’

The following objects are masked from ‘package:dplyr’:

    between, first, last

Loading required package: future
Loading required package: methods
[1] "Loading rsID"
[1] "Loading Phenotypes"
[1] "Loading Phenotypes"
[1] "Calculating Fit"
[1] "Calculating Interactions: 3 chunks"
  |                                                                    |                                                            |   0%, ETA NA  |                                                                    |====================                                        |  33%, ETA 00:47  |                                                                    |========================================                    |  67%, ETA 00:13  |                                                                    |============================================================| 100%, ETA 00:00
Warning message:
In split.default(allRSIds, seq(length(allRSIds) - 1)%/%chunkSize) :
  data length is not a multiple of split variable
